{"/workspace/sealed.fyi/backend/functions/shared/dynamo.js": {"path":"/workspace/sealed.fyi/backend/functions/shared/dynamo.js","statementMap":{"0":{"start":{"line":19,"column":2},"end":{"line":19,"column":56}},"1":{"start":{"line":26,"column":17},"end":{"line":26,"column":19}},"2":{"start":{"line":28,"column":2},"end":{"line":30,"column":3}},"3":{"start":{"line":29,"column":4},"end":{"line":29,"column":52}},"4":{"start":{"line":32,"column":17},"end":{"line":32,"column":43}},"5":{"start":{"line":33,"column":2},"end":{"line":37,"column":5}},"6":{"start":{"line":41,"column":16},"end":{"line":41,"column":20}},"7":{"start":{"line":44,"column":2},"end":{"line":46,"column":3}},"8":{"start":{"line":45,"column":4},"end":{"line":45,"column":31}},"9":{"start":{"line":47,"column":2},"end":{"line":47,"column":19}},"10":{"start":{"line":54,"column":2},"end":{"line":54,"column":19}},"11":{"start":{"line":63,"column":17},"end":{"line":63,"column":28}},"12":{"start":{"line":65,"column":18},"end":{"line":68,"column":4}},"13":{"start":{"line":70,"column":19},"end":{"line":70,"column":45}},"14":{"start":{"line":71,"column":2},"end":{"line":71,"column":31}},"15":{"start":{"line":89,"column":17},"end":{"line":89,"column":28}},"16":{"start":{"line":91,"column":18},"end":{"line":95,"column":4}},"17":{"start":{"line":97,"column":2},"end":{"line":97,"column":29}},"18":{"start":{"line":105,"column":17},"end":{"line":105,"column":28}},"19":{"start":{"line":107,"column":18},"end":{"line":110,"column":4}},"20":{"start":{"line":112,"column":2},"end":{"line":112,"column":29}},"21":{"start":{"line":122,"column":17},"end":{"line":122,"column":28}},"22":{"start":{"line":123,"column":14},"end":{"line":123,"column":43}},"23":{"start":{"line":125,"column":18},"end":{"line":136,"column":4}},"24":{"start":{"line":138,"column":19},"end":{"line":138,"column":45}},"25":{"start":{"line":139,"column":20},"end":{"line":139,"column":54}},"26":{"start":{"line":142,"column":2},"end":{"line":145,"column":3}},"27":{"start":{"line":143,"column":4},"end":{"line":143,"column":27}},"28":{"start":{"line":144,"column":4},"end":{"line":144,"column":43}},"29":{"start":{"line":147,"column":2},"end":{"line":147,"column":39}},"30":{"start":{"line":157,"column":17},"end":{"line":157,"column":28}},"31":{"start":{"line":159,"column":18},"end":{"line":166,"column":4}},"32":{"start":{"line":168,"column":2},"end":{"line":176,"column":3}},"33":{"start":{"line":169,"column":4},"end":{"line":169,"column":31}},"34":{"start":{"line":170,"column":4},"end":{"line":170,"column":16}},"35":{"start":{"line":172,"column":4},"end":{"line":174,"column":5}},"36":{"start":{"line":173,"column":6},"end":{"line":173,"column":19}},"37":{"start":{"line":175,"column":4},"end":{"line":175,"column":16}},"38":{"start":{"line":186,"column":17},"end":{"line":186,"column":28}},"39":{"start":{"line":188,"column":18},"end":{"line":196,"column":4}},"40":{"start":{"line":198,"column":2},"end":{"line":198,"column":29}}},"fnMap":{"0":{"name":"getTableName","decl":{"start":{"line":18,"column":9},"end":{"line":18,"column":21}},"loc":{"start":{"line":18,"column":24},"end":{"line":20,"column":1}},"line":18},"1":{"name":"createClient","decl":{"start":{"line":25,"column":9},"end":{"line":25,"column":21}},"loc":{"start":{"line":25,"column":24},"end":{"line":38,"column":1}},"line":25},"2":{"name":"getClient","decl":{"start":{"line":43,"column":9},"end":{"line":43,"column":18}},"loc":{"start":{"line":43,"column":21},"end":{"line":48,"column":1}},"line":43},"3":{"name":"resetClient","decl":{"start":{"line":53,"column":16},"end":{"line":53,"column":27}},"loc":{"start":{"line":53,"column":30},"end":{"line":55,"column":1}},"line":53},"4":{"name":"getSecret","decl":{"start":{"line":62,"column":22},"end":{"line":62,"column":31}},"loc":{"start":{"line":62,"column":36},"end":{"line":72,"column":1}},"line":62},"5":{"name":"putSecret","decl":{"start":{"line":88,"column":22},"end":{"line":88,"column":31}},"loc":{"start":{"line":88,"column":40},"end":{"line":98,"column":1}},"line":88},"6":{"name":"deleteSecret","decl":{"start":{"line":104,"column":22},"end":{"line":104,"column":34}},"loc":{"start":{"line":104,"column":39},"end":{"line":113,"column":1}},"line":104},"7":{"name":"decrementViews","decl":{"start":{"line":121,"column":22},"end":{"line":121,"column":36}},"loc":{"start":{"line":121,"column":41},"end":{"line":148,"column":1}},"line":121},"8":{"name":"conditionalDelete","decl":{"start":{"line":156,"column":22},"end":{"line":156,"column":39}},"loc":{"start":{"line":156,"column":55},"end":{"line":177,"column":1}},"line":156},"9":{"name":"updateAccessToken","decl":{"start":{"line":185,"column":22},"end":{"line":185,"column":39}},"loc":{"start":{"line":185,"column":69},"end":{"line":199,"column":1}},"line":185}},"branchMap":{"0":{"loc":{"start":{"line":19,"column":9},"end":{"line":19,"column":55}},"type":"binary-expr","locations":[{"start":{"line":19,"column":9},"end":{"line":19,"column":35}},{"start":{"line":19,"column":39},"end":{"line":19,"column":55}}],"line":19},"1":{"loc":{"start":{"line":28,"column":2},"end":{"line":30,"column":3}},"type":"if","locations":[{"start":{"line":28,"column":2},"end":{"line":30,"column":3}},{"start":{},"end":{}}],"line":28},"2":{"loc":{"start":{"line":44,"column":2},"end":{"line":46,"column":3}},"type":"if","locations":[{"start":{"line":44,"column":2},"end":{"line":46,"column":3}},{"start":{},"end":{}}],"line":44},"3":{"loc":{"start":{"line":71,"column":9},"end":{"line":71,"column":30}},"type":"binary-expr","locations":[{"start":{"line":71,"column":9},"end":{"line":71,"column":22}},{"start":{"line":71,"column":26},"end":{"line":71,"column":30}}],"line":71},"4":{"loc":{"start":{"line":142,"column":2},"end":{"line":145,"column":3}},"type":"if","locations":[{"start":{"line":142,"column":2},"end":{"line":145,"column":3}},{"start":{},"end":{}}],"line":142},"5":{"loc":{"start":{"line":172,"column":4},"end":{"line":174,"column":5}},"type":"if","locations":[{"start":{"line":172,"column":4},"end":{"line":174,"column":5}},{"start":{},"end":{}}],"line":172}},"s":{"0":13,"1":12,"2":12,"3":0,"4":12,"5":12,"6":1,"7":13,"8":12,"9":13,"10":12,"11":2,"12":2,"13":2,"14":2,"15":2,"16":2,"17":2,"18":3,"19":3,"20":3,"21":3,"22":3,"23":3,"24":3,"25":2,"26":2,"27":1,"28":1,"29":1,"30":2,"31":2,"32":2,"33":2,"34":1,"35":1,"36":1,"37":0,"38":1,"39":1,"40":1},"f":{"0":13,"1":12,"2":13,"3":12,"4":2,"5":2,"6":3,"7":3,"8":2,"9":1},"b":{"0":[13,0],"1":[0,12],"2":[12,1],"3":[2,1],"4":[1,1],"5":[1,0]},"inputSourceMap":null,"_coverageSchema":"1a1c01bbd47fc00a2c39e90264f33305004495a9","hash":"a106553bda3a62b9b7cbd85a90c5c3033c6f6f71"}
,"/workspace/sealed.fyi/backend/functions/shared/pow.js": {"path":"/workspace/sealed.fyi/backend/functions/shared/pow.js","statementMap":{"0":{"start":{"line":8,"column":27},"end":{"line":8,"column":29}},"1":{"start":{"line":9,"column":23},"end":{"line":9,"column":32}},"2":{"start":{"line":23,"column":2},"end":{"line":26,"column":4}},"3":{"start":{"line":35,"column":17},"end":{"line":35,"column":18}},"4":{"start":{"line":37,"column":2},"end":{"line":52,"column":3}},"5":{"start":{"line":37,"column":15},"end":{"line":37,"column":16}},"6":{"start":{"line":38,"column":17},"end":{"line":38,"column":24}},"7":{"start":{"line":40,"column":4},"end":{"line":51,"column":5}},"8":{"start":{"line":41,"column":6},"end":{"line":41,"column":20}},"9":{"start":{"line":44,"column":6},"end":{"line":50,"column":7}},"10":{"start":{"line":44,"column":21},"end":{"line":44,"column":22}},"11":{"start":{"line":45,"column":8},"end":{"line":49,"column":9}},"12":{"start":{"line":46,"column":10},"end":{"line":46,"column":21}},"13":{"start":{"line":48,"column":10},"end":{"line":48,"column":26}},"14":{"start":{"line":54,"column":2},"end":{"line":54,"column":18}},"15":{"start":{"line":65,"column":2},"end":{"line":67,"column":3}},"16":{"start":{"line":66,"column":4},"end":{"line":66,"column":17}},"17":{"start":{"line":69,"column":2},"end":{"line":71,"column":3}},"18":{"start":{"line":70,"column":4},"end":{"line":70,"column":17}},"19":{"start":{"line":73,"column":2},"end":{"line":75,"column":3}},"20":{"start":{"line":74,"column":4},"end":{"line":74,"column":17}},"21":{"start":{"line":78,"column":16},"end":{"line":78,"column":56}},"22":{"start":{"line":81,"column":15},"end":{"line":81,"column":65}},"23":{"start":{"line":84,"column":23},"end":{"line":84,"column":49}},"24":{"start":{"line":86,"column":2},"end":{"line":86,"column":46}}},"fnMap":{"0":{"name":"generateChallenge","decl":{"start":{"line":22,"column":16},"end":{"line":22,"column":33}},"loc":{"start":{"line":22,"column":67},"end":{"line":27,"column":1}},"line":22},"1":{"name":"countLeadingZeroBits","decl":{"start":{"line":34,"column":9},"end":{"line":34,"column":29}},"loc":{"start":{"line":34,"column":36},"end":{"line":55,"column":1}},"line":34},"2":{"name":"verifyPow","decl":{"start":{"line":64,"column":16},"end":{"line":64,"column":25}},"loc":{"start":{"line":64,"column":54},"end":{"line":87,"column":1}},"line":64}},"branchMap":{"0":{"loc":{"start":{"line":22,"column":34},"end":{"line":22,"column":65}},"type":"default-arg","locations":[{"start":{"line":22,"column":47},"end":{"line":22,"column":65}}],"line":22},"1":{"loc":{"start":{"line":40,"column":4},"end":{"line":51,"column":5}},"type":"if","locations":[{"start":{"line":40,"column":4},"end":{"line":51,"column":5}},{"start":{"line":42,"column":11},"end":{"line":51,"column":5}}],"line":40},"2":{"loc":{"start":{"line":45,"column":8},"end":{"line":49,"column":9}},"type":"if","locations":[{"start":{"line":45,"column":8},"end":{"line":49,"column":9}},{"start":{"line":47,"column":15},"end":{"line":49,"column":9}}],"line":45},"3":{"loc":{"start":{"line":65,"column":2},"end":{"line":67,"column":3}},"type":"if","locations":[{"start":{"line":65,"column":2},"end":{"line":67,"column":3}},{"start":{},"end":{}}],"line":65},"4":{"loc":{"start":{"line":65,"column":6},"end":{"line":65,"column":73}},"type":"binary-expr","locations":[{"start":{"line":65,"column":6},"end":{"line":65,"column":12}},{"start":{"line":65,"column":16},"end":{"line":65,"column":38}},{"start":{"line":65,"column":42},"end":{"line":65,"column":59}},{"start":{"line":65,"column":63},"end":{"line":65,"column":73}}],"line":65},"5":{"loc":{"start":{"line":69,"column":2},"end":{"line":71,"column":3}},"type":"if","locations":[{"start":{"line":69,"column":2},"end":{"line":71,"column":3}},{"start":{},"end":{}}],"line":69},"6":{"loc":{"start":{"line":69,"column":6},"end":{"line":69,"column":74}},"type":"binary-expr","locations":[{"start":{"line":69,"column":6},"end":{"line":69,"column":46}},{"start":{"line":69,"column":50},"end":{"line":69,"column":74}}],"line":69},"7":{"loc":{"start":{"line":73,"column":2},"end":{"line":75,"column":3}},"type":"if","locations":[{"start":{"line":73,"column":2},"end":{"line":75,"column":3}},{"start":{},"end":{}}],"line":73}},"s":{"0":1,"1":1,"2":4,"3":8,"4":8,"5":8,"6":10,"7":10,"8":2,"9":8,"10":8,"11":20,"12":12,"13":8,"14":0,"15":19,"16":7,"17":12,"18":2,"19":10,"20":2,"21":8,"22":8,"23":8,"24":8},"f":{"0":4,"1":8,"2":19},"b":{"0":[3],"1":[2,8],"2":[12,8],"3":[7,12],"4":[19,16,15,14],"5":[2,10],"6":[12,11],"7":[2,8]},"inputSourceMap":null,"_coverageSchema":"1a1c01bbd47fc00a2c39e90264f33305004495a9","hash":"8fcbe4fe2f556020d4e1a0ebd0b1424283c5002e"}
,"/workspace/sealed.fyi/backend/functions/shared/responses.js": {"path":"/workspace/sealed.fyi/backend/functions/shared/responses.js","statementMap":{"0":{"start":{"line":11,"column":21},"end":{"line":14,"column":1}},"1":{"start":{"line":23,"column":2},"end":{"line":27,"column":4}},"2":{"start":{"line":36,"column":2},"end":{"line":40,"column":4}},"3":{"start":{"line":56,"column":2},"end":{"line":60,"column":4}},"4":{"start":{"line":69,"column":2},"end":{"line":75,"column":4}},"5":{"start":{"line":84,"column":2},"end":{"line":91,"column":4}},"6":{"start":{"line":100,"column":2},"end":{"line":104,"column":4}},"7":{"start":{"line":113,"column":2},"end":{"line":117,"column":4}}},"fnMap":{"0":{"name":"success","decl":{"start":{"line":22,"column":16},"end":{"line":22,"column":23}},"loc":{"start":{"line":22,"column":48},"end":{"line":28,"column":1}},"line":22},"1":{"name":"created","decl":{"start":{"line":35,"column":16},"end":{"line":35,"column":23}},"loc":{"start":{"line":35,"column":30},"end":{"line":41,"column":1}},"line":35},"2":{"name":"notAvailable","decl":{"start":{"line":55,"column":16},"end":{"line":55,"column":28}},"loc":{"start":{"line":55,"column":31},"end":{"line":61,"column":1}},"line":55},"3":{"name":"noContent","decl":{"start":{"line":68,"column":16},"end":{"line":68,"column":25}},"loc":{"start":{"line":68,"column":28},"end":{"line":76,"column":1}},"line":68},"4":{"name":"badRequest","decl":{"start":{"line":83,"column":16},"end":{"line":83,"column":26}},"loc":{"start":{"line":83,"column":36},"end":{"line":92,"column":1}},"line":83},"5":{"name":"unauthorized","decl":{"start":{"line":99,"column":16},"end":{"line":99,"column":28}},"loc":{"start":{"line":99,"column":31},"end":{"line":105,"column":1}},"line":99},"6":{"name":"forbidden","decl":{"start":{"line":112,"column":16},"end":{"line":112,"column":25}},"loc":{"start":{"line":112,"column":28},"end":{"line":118,"column":1}},"line":112}},"branchMap":{"0":{"loc":{"start":{"line":22,"column":30},"end":{"line":22,"column":46}},"type":"default-arg","locations":[{"start":{"line":22,"column":43},"end":{"line":22,"column":46}}],"line":22}},"s":{"0":1,"1":6,"2":5,"3":8,"4":6,"5":5,"6":5,"7":5},"f":{"0":6,"1":5,"2":8,"3":6,"4":5,"5":5,"6":5},"b":{"0":[5]},"inputSourceMap":null,"_coverageSchema":"1a1c01bbd47fc00a2c39e90264f33305004495a9","hash":"26f9d09c668a548e232a2694598ade3af3c453e8"}
,"/workspace/sealed.fyi/backend/functions/shared/token.js": {"path":"/workspace/sealed.fyi/backend/functions/shared/token.js","statementMap":{"0":{"start":{"line":9,"column":26},"end":{"line":9,"column":29}},"1":{"start":{"line":16,"column":2},"end":{"line":16,"column":32}},"2":{"start":{"line":29,"column":17},"end":{"line":29,"column":31}},"3":{"start":{"line":30,"column":2},"end":{"line":32,"column":3}},"4":{"start":{"line":31,"column":4},"end":{"line":31,"column":73}},"5":{"start":{"line":34,"column":14},"end":{"line":34,"column":43}},"6":{"start":{"line":36,"column":18},"end":{"line":44,"column":3}},"7":{"start":{"line":46,"column":2},"end":{"line":46,"column":59}},"8":{"start":{"line":55,"column":17},"end":{"line":55,"column":31}},"9":{"start":{"line":56,"column":2},"end":{"line":58,"column":3}},"10":{"start":{"line":57,"column":4},"end":{"line":57,"column":73}},"11":{"start":{"line":60,"column":2},"end":{"line":73,"column":3}},"12":{"start":{"line":61,"column":20},"end":{"line":61,"column":72}},"13":{"start":{"line":64,"column":4},"end":{"line":67,"column":5}},"14":{"start":{"line":66,"column":6},"end":{"line":66,"column":18}},"15":{"start":{"line":69,"column":4},"end":{"line":69,"column":19}},"16":{"start":{"line":72,"column":4},"end":{"line":72,"column":16}},"17":{"start":{"line":81,"column":2},"end":{"line":81,"column":48}},"18":{"start":{"line":90,"column":16},"end":{"line":90,"column":38}},"19":{"start":{"line":92,"column":2},"end":{"line":92,"column":50}},"20":{"start":{"line":101,"column":2},"end":{"line":101,"column":48}},"21":{"start":{"line":110,"column":2},"end":{"line":110,"column":48}}},"fnMap":{"0":{"name":"getJwtSecret","decl":{"start":{"line":15,"column":9},"end":{"line":15,"column":21}},"loc":{"start":{"line":15,"column":24},"end":{"line":17,"column":1}},"line":15},"1":{"name":"generateToken","decl":{"start":{"line":28,"column":16},"end":{"line":28,"column":29}},"loc":{"start":{"line":28,"column":51},"end":{"line":47,"column":1}},"line":28},"2":{"name":"validateToken","decl":{"start":{"line":54,"column":16},"end":{"line":54,"column":29}},"loc":{"start":{"line":54,"column":37},"end":{"line":74,"column":1}},"line":54},"3":{"name":"generateNonce","decl":{"start":{"line":80,"column":16},"end":{"line":80,"column":29}},"loc":{"start":{"line":80,"column":32},"end":{"line":82,"column":1}},"line":80},"4":{"name":"generateSecretId","decl":{"start":{"line":89,"column":16},"end":{"line":89,"column":32}},"loc":{"start":{"line":89,"column":35},"end":{"line":93,"column":1}},"line":89},"5":{"name":"generateBurnToken","decl":{"start":{"line":100,"column":16},"end":{"line":100,"column":33}},"loc":{"start":{"line":100,"column":36},"end":{"line":102,"column":1}},"line":100},"6":{"name":"generateAccessToken","decl":{"start":{"line":109,"column":16},"end":{"line":109,"column":35}},"loc":{"start":{"line":109,"column":38},"end":{"line":111,"column":1}},"line":109}},"branchMap":{"0":{"loc":{"start":{"line":30,"column":2},"end":{"line":32,"column":3}},"type":"if","locations":[{"start":{"line":30,"column":2},"end":{"line":32,"column":3}},{"start":{},"end":{}}],"line":30},"1":{"loc":{"start":{"line":56,"column":2},"end":{"line":58,"column":3}},"type":"if","locations":[{"start":{"line":56,"column":2},"end":{"line":58,"column":3}},{"start":{},"end":{}}],"line":56},"2":{"loc":{"start":{"line":64,"column":4},"end":{"line":67,"column":5}},"type":"if","locations":[{"start":{"line":64,"column":4},"end":{"line":67,"column":5}},{"start":{},"end":{}}],"line":64},"3":{"loc":{"start":{"line":64,"column":8},"end":{"line":65,"column":67}},"type":"binary-expr","locations":[{"start":{"line":64,"column":8},"end":{"line":64,"column":20}},{"start":{"line":64,"column":24},"end":{"line":64,"column":38}},{"start":{"line":64,"column":42},"end":{"line":64,"column":53}},{"start":{"line":65,"column":8},"end":{"line":65,"column":44}},{"start":{"line":65,"column":48},"end":{"line":65,"column":67}}],"line":64}},"s":{"0":1,"1":12,"2":6,"3":6,"4":1,"5":5,"6":5,"7":5,"8":6,"9":6,"10":1,"11":5,"12":5,"13":2,"14":1,"15":1,"16":3,"17":3,"18":3,"19":3,"20":3,"21":3},"f":{"0":12,"1":6,"2":6,"3":3,"4":3,"5":3,"6":3},"b":{"0":[1,5],"1":[1,5],"2":[1,1],"3":[2,1,1,1,1]},"inputSourceMap":null,"_coverageSchema":"1a1c01bbd47fc00a2c39e90264f33305004495a9","hash":"53da4960b999bf91fa0fb6a878ebf7b6f712a498"}
,"/workspace/sealed.fyi/backend/functions/shared/validation.js": {"path":"/workspace/sealed.fyi/backend/functions/shared/validation.js","statementMap":{"0":{"start":{"line":7,"column":16},"end":{"line":7,"column":19}},"1":{"start":{"line":8,"column":16},"end":{"line":8,"column":23}},"2":{"start":{"line":11,"column":22},"end":{"line":11,"column":23}},"3":{"start":{"line":12,"column":22},"end":{"line":12,"column":23}},"4":{"start":{"line":16,"column":28},"end":{"line":16,"column":37}},"5":{"start":{"line":19,"column":17},"end":{"line":19,"column":19}},"6":{"start":{"line":22,"column":19},"end":{"line":22,"column":21}},"7":{"start":{"line":25,"column":20},"end":{"line":25,"column":22}},"8":{"start":{"line":33,"column":2},"end":{"line":35,"column":3}},"9":{"start":{"line":34,"column":4},"end":{"line":34,"column":17}},"10":{"start":{"line":38,"column":22},"end":{"line":38,"column":46}},"11":{"start":{"line":41,"column":2},"end":{"line":43,"column":3}},"12":{"start":{"line":42,"column":4},"end":{"line":42,"column":17}},"13":{"start":{"line":46,"column":2},"end":{"line":48,"column":3}},"14":{"start":{"line":47,"column":4},"end":{"line":47,"column":17}},"15":{"start":{"line":50,"column":2},"end":{"line":56,"column":3}},"16":{"start":{"line":52,"column":4},"end":{"line":52,"column":31}},"17":{"start":{"line":53,"column":4},"end":{"line":53,"column":16}},"18":{"start":{"line":55,"column":4},"end":{"line":55,"column":17}},"19":{"start":{"line":65,"column":2},"end":{"line":67,"column":3}},"20":{"start":{"line":66,"column":4},"end":{"line":66,"column":13}},"21":{"start":{"line":70,"column":12},"end":{"line":70,"column":28}},"22":{"start":{"line":71,"column":16},"end":{"line":71,"column":17}},"23":{"start":{"line":73,"column":2},"end":{"line":77,"column":3}},"24":{"start":{"line":74,"column":4},"end":{"line":74,"column":16}},"25":{"start":{"line":75,"column":9},"end":{"line":77,"column":3}},"26":{"start":{"line":76,"column":4},"end":{"line":76,"column":16}},"27":{"start":{"line":79,"column":2},"end":{"line":79,"column":45}},"28":{"start":{"line":88,"column":2},"end":{"line":90,"column":3}},"29":{"start":{"line":89,"column":4},"end":{"line":89,"column":17}},"30":{"start":{"line":92,"column":2},"end":{"line":92,"column":36}},"31":{"start":{"line":101,"column":2},"end":{"line":103,"column":3}},"32":{"start":{"line":102,"column":4},"end":{"line":102,"column":17}},"33":{"start":{"line":105,"column":2},"end":{"line":105,"column":42}},"34":{"start":{"line":114,"column":2},"end":{"line":116,"column":3}},"35":{"start":{"line":115,"column":4},"end":{"line":115,"column":17}},"36":{"start":{"line":118,"column":2},"end":{"line":118,"column":64}},"37":{"start":{"line":127,"column":2},"end":{"line":129,"column":3}},"38":{"start":{"line":128,"column":4},"end":{"line":128,"column":17}},"39":{"start":{"line":131,"column":24},"end":{"line":131,"column":58}},"40":{"start":{"line":132,"column":2},"end":{"line":132,"column":67}},"41":{"start":{"line":141,"column":2},"end":{"line":143,"column":3}},"42":{"start":{"line":142,"column":4},"end":{"line":142,"column":17}},"43":{"start":{"line":145,"column":24},"end":{"line":145,"column":50}},"44":{"start":{"line":146,"column":2},"end":{"line":146,"column":36}},"45":{"start":{"line":156,"column":2},"end":{"line":158,"column":3}},"46":{"start":{"line":157,"column":4},"end":{"line":157,"column":16}},"47":{"start":{"line":160,"column":2},"end":{"line":162,"column":3}},"48":{"start":{"line":161,"column":4},"end":{"line":161,"column":17}},"49":{"start":{"line":164,"column":24},"end":{"line":164,"column":52}},"50":{"start":{"line":165,"column":2},"end":{"line":165,"column":38}},"51":{"start":{"line":174,"column":2},"end":{"line":176,"column":3}},"52":{"start":{"line":175,"column":4},"end":{"line":175,"column":17}},"53":{"start":{"line":179,"column":2},"end":{"line":179,"column":42}},"54":{"start":{"line":188,"column":2},"end":{"line":190,"column":3}},"55":{"start":{"line":189,"column":4},"end":{"line":189,"column":17}},"56":{"start":{"line":193,"column":2},"end":{"line":195,"column":3}},"57":{"start":{"line":194,"column":4},"end":{"line":194,"column":17}},"58":{"start":{"line":198,"column":2},"end":{"line":198,"column":37}},"59":{"start":{"line":207,"column":2},"end":{"line":209,"column":3}},"60":{"start":{"line":208,"column":4},"end":{"line":208,"column":17}},"61":{"start":{"line":212,"column":2},"end":{"line":212,"column":29}}},"fnMap":{"0":{"name":"isValidBase64","decl":{"start":{"line":32,"column":9},"end":{"line":32,"column":22}},"loc":{"start":{"line":32,"column":28},"end":{"line":57,"column":1}},"line":32},"1":{"name":"getBase64DecodedLength","decl":{"start":{"line":64,"column":9},"end":{"line":64,"column":31}},"loc":{"start":{"line":64,"column":43},"end":{"line":80,"column":1}},"line":64},"2":{"name":"isValidHex","decl":{"start":{"line":87,"column":9},"end":{"line":87,"column":19}},"loc":{"start":{"line":87,"column":25},"end":{"line":93,"column":1}},"line":87},"3":{"name":"validateTTL","decl":{"start":{"line":100,"column":16},"end":{"line":100,"column":27}},"loc":{"start":{"line":100,"column":33},"end":{"line":106,"column":1}},"line":100},"4":{"name":"validateMaxViews","decl":{"start":{"line":113,"column":16},"end":{"line":113,"column":32}},"loc":{"start":{"line":113,"column":43},"end":{"line":119,"column":1}},"line":113},"5":{"name":"validateCiphertext","decl":{"start":{"line":126,"column":16},"end":{"line":126,"column":34}},"loc":{"start":{"line":126,"column":47},"end":{"line":133,"column":1}},"line":126},"6":{"name":"validateIV","decl":{"start":{"line":140,"column":16},"end":{"line":140,"column":26}},"loc":{"start":{"line":140,"column":31},"end":{"line":147,"column":1}},"line":140},"7":{"name":"validateSalt","decl":{"start":{"line":154,"column":16},"end":{"line":154,"column":28}},"loc":{"start":{"line":154,"column":35},"end":{"line":166,"column":1}},"line":154},"8":{"name":"validateNonce","decl":{"start":{"line":173,"column":16},"end":{"line":173,"column":29}},"loc":{"start":{"line":173,"column":37},"end":{"line":180,"column":1}},"line":173},"9":{"name":"validateSecretId","decl":{"start":{"line":187,"column":16},"end":{"line":187,"column":32}},"loc":{"start":{"line":187,"column":37},"end":{"line":199,"column":1}},"line":187},"10":{"name":"validateBurnToken","decl":{"start":{"line":206,"column":16},"end":{"line":206,"column":33}},"loc":{"start":{"line":206,"column":41},"end":{"line":213,"column":1}},"line":206}},"branchMap":{"0":{"loc":{"start":{"line":33,"column":2},"end":{"line":35,"column":3}},"type":"if","locations":[{"start":{"line":33,"column":2},"end":{"line":35,"column":3}},{"start":{},"end":{}}],"line":33},"1":{"loc":{"start":{"line":33,"column":6},"end":{"line":33,"column":49}},"type":"binary-expr","locations":[{"start":{"line":33,"column":6},"end":{"line":33,"column":29}},{"start":{"line":33,"column":33},"end":{"line":33,"column":49}}],"line":33},"2":{"loc":{"start":{"line":41,"column":2},"end":{"line":43,"column":3}},"type":"if","locations":[{"start":{"line":41,"column":2},"end":{"line":43,"column":3}},{"start":{},"end":{}}],"line":41},"3":{"loc":{"start":{"line":46,"column":2},"end":{"line":48,"column":3}},"type":"if","locations":[{"start":{"line":46,"column":2},"end":{"line":48,"column":3}},{"start":{},"end":{}}],"line":46},"4":{"loc":{"start":{"line":65,"column":2},"end":{"line":67,"column":3}},"type":"if","locations":[{"start":{"line":65,"column":2},"end":{"line":67,"column":3}},{"start":{},"end":{}}],"line":65},"5":{"loc":{"start":{"line":73,"column":2},"end":{"line":77,"column":3}},"type":"if","locations":[{"start":{"line":73,"column":2},"end":{"line":77,"column":3}},{"start":{"line":75,"column":9},"end":{"line":77,"column":3}}],"line":73},"6":{"loc":{"start":{"line":75,"column":9},"end":{"line":77,"column":3}},"type":"if","locations":[{"start":{"line":75,"column":9},"end":{"line":77,"column":3}},{"start":{},"end":{}}],"line":75},"7":{"loc":{"start":{"line":88,"column":2},"end":{"line":90,"column":3}},"type":"if","locations":[{"start":{"line":88,"column":2},"end":{"line":90,"column":3}},{"start":{},"end":{}}],"line":88},"8":{"loc":{"start":{"line":88,"column":6},"end":{"line":88,"column":49}},"type":"binary-expr","locations":[{"start":{"line":88,"column":6},"end":{"line":88,"column":29}},{"start":{"line":88,"column":33},"end":{"line":88,"column":49}}],"line":88},"9":{"loc":{"start":{"line":101,"column":2},"end":{"line":103,"column":3}},"type":"if","locations":[{"start":{"line":101,"column":2},"end":{"line":103,"column":3}},{"start":{},"end":{}}],"line":101},"10":{"loc":{"start":{"line":101,"column":6},"end":{"line":101,"column":55}},"type":"binary-expr","locations":[{"start":{"line":101,"column":6},"end":{"line":101,"column":29}},{"start":{"line":101,"column":33},"end":{"line":101,"column":55}}],"line":101},"11":{"loc":{"start":{"line":105,"column":9},"end":{"line":105,"column":41}},"type":"binary-expr","locations":[{"start":{"line":105,"column":9},"end":{"line":105,"column":23}},{"start":{"line":105,"column":27},"end":{"line":105,"column":41}}],"line":105},"12":{"loc":{"start":{"line":114,"column":2},"end":{"line":116,"column":3}},"type":"if","locations":[{"start":{"line":114,"column":2},"end":{"line":116,"column":3}},{"start":{},"end":{}}],"line":114},"13":{"loc":{"start":{"line":114,"column":6},"end":{"line":114,"column":65}},"type":"binary-expr","locations":[{"start":{"line":114,"column":6},"end":{"line":114,"column":34}},{"start":{"line":114,"column":38},"end":{"line":114,"column":65}}],"line":114},"14":{"loc":{"start":{"line":118,"column":9},"end":{"line":118,"column":63}},"type":"binary-expr","locations":[{"start":{"line":118,"column":9},"end":{"line":118,"column":34}},{"start":{"line":118,"column":38},"end":{"line":118,"column":63}}],"line":118},"15":{"loc":{"start":{"line":127,"column":2},"end":{"line":129,"column":3}},"type":"if","locations":[{"start":{"line":127,"column":2},"end":{"line":129,"column":3}},{"start":{},"end":{}}],"line":127},"16":{"loc":{"start":{"line":132,"column":9},"end":{"line":132,"column":66}},"type":"binary-expr","locations":[{"start":{"line":132,"column":9},"end":{"line":132,"column":26}},{"start":{"line":132,"column":30},"end":{"line":132,"column":66}}],"line":132},"17":{"loc":{"start":{"line":141,"column":2},"end":{"line":143,"column":3}},"type":"if","locations":[{"start":{"line":141,"column":2},"end":{"line":143,"column":3}},{"start":{},"end":{}}],"line":141},"18":{"loc":{"start":{"line":156,"column":2},"end":{"line":158,"column":3}},"type":"if","locations":[{"start":{"line":156,"column":2},"end":{"line":158,"column":3}},{"start":{},"end":{}}],"line":156},"19":{"loc":{"start":{"line":160,"column":2},"end":{"line":162,"column":3}},"type":"if","locations":[{"start":{"line":160,"column":2},"end":{"line":162,"column":3}},{"start":{},"end":{}}],"line":160},"20":{"loc":{"start":{"line":174,"column":2},"end":{"line":176,"column":3}},"type":"if","locations":[{"start":{"line":174,"column":2},"end":{"line":176,"column":3}},{"start":{},"end":{}}],"line":174},"21":{"loc":{"start":{"line":188,"column":2},"end":{"line":190,"column":3}},"type":"if","locations":[{"start":{"line":188,"column":2},"end":{"line":190,"column":3}},{"start":{},"end":{}}],"line":188},"22":{"loc":{"start":{"line":193,"column":2},"end":{"line":195,"column":3}},"type":"if","locations":[{"start":{"line":193,"column":2},"end":{"line":195,"column":3}},{"start":{},"end":{}}],"line":193},"23":{"loc":{"start":{"line":207,"column":2},"end":{"line":209,"column":3}},"type":"if","locations":[{"start":{"line":207,"column":2},"end":{"line":209,"column":3}},{"start":{},"end":{}}],"line":207}},"s":{"0":1,"1":1,"2":1,"3":1,"4":1,"5":1,"6":1,"7":1,"8":24,"9":9,"10":15,"11":15,"12":4,"13":11,"14":0,"15":11,"16":11,"17":11,"18":0,"19":11,"20":0,"21":11,"22":11,"23":11,"24":4,"25":7,"26":3,"27":11,"28":21,"29":7,"30":14,"31":17,"32":6,"33":11,"34":13,"35":5,"36":8,"37":11,"38":6,"39":5,"40":5,"41":7,"42":4,"43":3,"44":3,"45":7,"46":1,"47":6,"48":3,"49":3,"50":3,"51":11,"52":6,"53":5,"54":11,"55":3,"56":8,"57":3,"58":5,"59":10,"60":5,"61":5},"f":{"0":24,"1":11,"2":21,"3":17,"4":13,"5":11,"6":7,"7":7,"8":11,"9":11,"10":10},"b":{"0":[9,15],"1":[24,18],"2":[4,11],"3":[0,11],"4":[0,11],"5":[4,7],"6":[3,4],"7":[7,14],"8":[21,16],"9":[6,11],"10":[17,13],"11":[11,7],"12":[5,8],"13":[13,10],"14":[8,6],"15":[6,5],"16":[5,5],"17":[4,3],"18":[1,6],"19":[3,3],"20":[6,5],"21":[3,8],"22":[3,5],"23":[5,5]},"inputSourceMap":null,"_coverageSchema":"1a1c01bbd47fc00a2c39e90264f33305004495a9","hash":"028fda2236b9f0177116db8873845a7b5254c23b"}
}
