{"/Users/wcj/Projects/sealed.fyi.worktrees/2g/backend/functions/shared/dynamo.js": {"path":"/Users/wcj/Projects/sealed.fyi.worktrees/2g/backend/functions/shared/dynamo.js","statementMap":{"0":{"start":{"line":3,"column":27},"end":{"line":3,"column":62}},"1":{"start":{"line":10,"column":4},"end":{"line":10,"column":36}},"2":{"start":{"line":13,"column":19},"end":{"line":13,"column":65}},"3":{"start":{"line":14,"column":35},"end":{"line":14,"column":37}},"4":{"start":{"line":21,"column":17},"end":{"line":23,"column":3}},"5":{"start":{"line":26,"column":2},"end":{"line":28,"column":3}},"6":{"start":{"line":27,"column":4},"end":{"line":27,"column":52}},"7":{"start":{"line":30,"column":17},"end":{"line":30,"column":43}},"8":{"start":{"line":31,"column":2},"end":{"line":35,"column":5}},"9":{"start":{"line":39,"column":16},"end":{"line":39,"column":20}},"10":{"start":{"line":46,"column":2},"end":{"line":48,"column":3}},"11":{"start":{"line":47,"column":4},"end":{"line":47,"column":31}},"12":{"start":{"line":49,"column":2},"end":{"line":49,"column":19}},"13":{"start":{"line":56,"column":2},"end":{"line":56,"column":19}},"14":{"start":{"line":65,"column":17},"end":{"line":65,"column":28}},"15":{"start":{"line":67,"column":17},"end":{"line":70,"column":5}},"16":{"start":{"line":72,"column":2},"end":{"line":72,"column":29}},"17":{"start":{"line":91,"column":17},"end":{"line":91,"column":28}},"18":{"start":{"line":93,"column":15},"end":{"line":102,"column":3}},"19":{"start":{"line":105,"column":2},"end":{"line":107,"column":3}},"20":{"start":{"line":106,"column":4},"end":{"line":106,"column":28}},"21":{"start":{"line":109,"column":2},"end":{"line":113,"column":6}},"22":{"start":{"line":122,"column":17},"end":{"line":122,"column":28}},"23":{"start":{"line":124,"column":2},"end":{"line":127,"column":6}},"24":{"start":{"line":138,"column":17},"end":{"line":138,"column":28}},"25":{"start":{"line":139,"column":14},"end":{"line":139,"column":43}},"26":{"start":{"line":142,"column":27},"end":{"line":144,"column":50}},"27":{"start":{"line":146,"column":36},"end":{"line":150,"column":3}},"28":{"start":{"line":153,"column":2},"end":{"line":155,"column":3}},"29":{"start":{"line":154,"column":4},"end":{"line":154,"column":54}},"30":{"start":{"line":157,"column":2},"end":{"line":183,"column":3}},"31":{"start":{"line":158,"column":19},"end":{"line":165,"column":7}},"32":{"start":{"line":167,"column":22},"end":{"line":167,"column":54}},"33":{"start":{"line":168,"column":18},"end":{"line":168,"column":23}},"34":{"start":{"line":171,"column":4},"end":{"line":174,"column":5}},"35":{"start":{"line":172,"column":6},"end":{"line":172,"column":29}},"36":{"start":{"line":173,"column":6},"end":{"line":173,"column":21}},"37":{"start":{"line":176,"column":4},"end":{"line":176,"column":34}},"38":{"start":{"line":178,"column":4},"end":{"line":181,"column":5}},"39":{"start":{"line":180,"column":6},"end":{"line":180,"column":46}},"40":{"start":{"line":182,"column":4},"end":{"line":182,"column":16}},"41":{"start":{"line":193,"column":17},"end":{"line":193,"column":28}},"42":{"start":{"line":195,"column":2},"end":{"line":211,"column":3}},"43":{"start":{"line":196,"column":4},"end":{"line":203,"column":8}},"44":{"start":{"line":204,"column":4},"end":{"line":204,"column":16}},"45":{"start":{"line":206,"column":4},"end":{"line":209,"column":5}},"46":{"start":{"line":208,"column":6},"end":{"line":208,"column":19}},"47":{"start":{"line":210,"column":4},"end":{"line":210,"column":16}},"48":{"start":{"line":222,"column":17},"end":{"line":222,"column":28}},"49":{"start":{"line":224,"column":2},"end":{"line":232,"column":6}},"50":{"start":{"line":242,"column":2},"end":{"line":244,"column":3}},"51":{"start":{"line":243,"column":4},"end":{"line":243,"column":17}},"52":{"start":{"line":246,"column":14},"end":{"line":246,"column":43}},"53":{"start":{"line":247,"column":26},"end":{"line":247,"column":51}},"54":{"start":{"line":249,"column":2},"end":{"line":252,"column":4}},"55":{"start":{"line":261,"column":14},"end":{"line":261,"column":43}},"56":{"start":{"line":262,"column":2},"end":{"line":262,"column":33}},"57":{"start":{"line":265,"column":0},"end":{"line":282,"column":2}}},"fnMap":{"0":{"name":"createClient","decl":{"start":{"line":20,"column":9},"end":{"line":20,"column":21}},"loc":{"start":{"line":20,"column":24},"end":{"line":36,"column":1}},"line":20},"1":{"name":"getClient","decl":{"start":{"line":45,"column":9},"end":{"line":45,"column":18}},"loc":{"start":{"line":45,"column":21},"end":{"line":50,"column":1}},"line":45},"2":{"name":"resetClient","decl":{"start":{"line":55,"column":9},"end":{"line":55,"column":20}},"loc":{"start":{"line":55,"column":23},"end":{"line":57,"column":1}},"line":55},"3":{"name":"getSecret","decl":{"start":{"line":64,"column":15},"end":{"line":64,"column":24}},"loc":{"start":{"line":64,"column":29},"end":{"line":73,"column":1}},"line":64},"4":{"name":"putSecret","decl":{"start":{"line":90,"column":15},"end":{"line":90,"column":24}},"loc":{"start":{"line":90,"column":33},"end":{"line":114,"column":1}},"line":90},"5":{"name":"deleteSecret","decl":{"start":{"line":121,"column":15},"end":{"line":121,"column":27}},"loc":{"start":{"line":121,"column":32},"end":{"line":128,"column":1}},"line":121},"6":{"name":"decrementViews","decl":{"start":{"line":137,"column":15},"end":{"line":137,"column":29}},"loc":{"start":{"line":137,"column":47},"end":{"line":184,"column":1}},"line":137},"7":{"name":"conditionalDelete","decl":{"start":{"line":192,"column":15},"end":{"line":192,"column":32}},"loc":{"start":{"line":192,"column":48},"end":{"line":212,"column":1}},"line":192},"8":{"name":"updateAccessToken","decl":{"start":{"line":221,"column":15},"end":{"line":221,"column":32}},"loc":{"start":{"line":221,"column":62},"end":{"line":233,"column":1}},"line":221},"9":{"name":"isWithinIdempotencyWindow","decl":{"start":{"line":241,"column":9},"end":{"line":241,"column":34}},"loc":{"start":{"line":241,"column":58},"end":{"line":253,"column":1}},"line":241},"10":{"name":"isExpired","decl":{"start":{"line":260,"column":9},"end":{"line":260,"column":18}},"loc":{"start":{"line":260,"column":27},"end":{"line":263,"column":1}},"line":260}},"branchMap":{"0":{"loc":{"start":{"line":13,"column":19},"end":{"line":13,"column":65}},"type":"binary-expr","locations":[{"start":{"line":13,"column":19},"end":{"line":13,"column":45}},{"start":{"line":13,"column":49},"end":{"line":13,"column":65}}],"line":13},"1":{"loc":{"start":{"line":22,"column":12},"end":{"line":22,"column":49}},"type":"binary-expr","locations":[{"start":{"line":22,"column":12},"end":{"line":22,"column":34}},{"start":{"line":22,"column":38},"end":{"line":22,"column":49}}],"line":22},"2":{"loc":{"start":{"line":26,"column":2},"end":{"line":28,"column":3}},"type":"if","locations":[{"start":{"line":26,"column":2},"end":{"line":28,"column":3}},{"start":{},"end":{}}],"line":26},"3":{"loc":{"start":{"line":46,"column":2},"end":{"line":48,"column":3}},"type":"if","locations":[{"start":{"line":46,"column":2},"end":{"line":48,"column":3}},{"start":{},"end":{}}],"line":46},"4":{"loc":{"start":{"line":72,"column":9},"end":{"line":72,"column":28}},"type":"binary-expr","locations":[{"start":{"line":72,"column":9},"end":{"line":72,"column":20}},{"start":{"line":72,"column":24},"end":{"line":72,"column":28}}],"line":72},"5":{"loc":{"start":{"line":105,"column":2},"end":{"line":107,"column":3}},"type":"if","locations":[{"start":{"line":105,"column":2},"end":{"line":107,"column":3}},{"start":{},"end":{}}],"line":105},"6":{"loc":{"start":{"line":142,"column":27},"end":{"line":144,"column":50}},"type":"cond-expr","locations":[{"start":{"line":143,"column":6},"end":{"line":143,"column":97}},{"start":{"line":144,"column":6},"end":{"line":144,"column":50}}],"line":142},"7":{"loc":{"start":{"line":153,"column":2},"end":{"line":155,"column":3}},"type":"if","locations":[{"start":{"line":153,"column":2},"end":{"line":155,"column":3}},{"start":{},"end":{}}],"line":153},"8":{"loc":{"start":{"line":171,"column":4},"end":{"line":174,"column":5}},"type":"if","locations":[{"start":{"line":171,"column":4},"end":{"line":174,"column":5}},{"start":{},"end":{}}],"line":171},"9":{"loc":{"start":{"line":178,"column":4},"end":{"line":181,"column":5}},"type":"if","locations":[{"start":{"line":178,"column":4},"end":{"line":181,"column":5}},{"start":{},"end":{}}],"line":178},"10":{"loc":{"start":{"line":206,"column":4},"end":{"line":209,"column":5}},"type":"if","locations":[{"start":{"line":206,"column":4},"end":{"line":209,"column":5}},{"start":{},"end":{}}],"line":206},"11":{"loc":{"start":{"line":242,"column":2},"end":{"line":244,"column":3}},"type":"if","locations":[{"start":{"line":242,"column":2},"end":{"line":244,"column":3}},{"start":{},"end":{}}],"line":242},"12":{"loc":{"start":{"line":242,"column":6},"end":{"line":242,"column":71}},"type":"binary-expr","locations":[{"start":{"line":242,"column":6},"end":{"line":242,"column":29}},{"start":{"line":242,"column":33},"end":{"line":242,"column":53}},{"start":{"line":242,"column":57},"end":{"line":242,"column":71}}],"line":242},"13":{"loc":{"start":{"line":250,"column":4},"end":{"line":251,"column":48}},"type":"binary-expr","locations":[{"start":{"line":250,"column":4},"end":{"line":250,"column":44}},{"start":{"line":251,"column":4},"end":{"line":251,"column":48}}],"line":250}},"s":{"0":1,"1":1,"2":1,"3":1,"4":15,"5":15,"6":0,"7":15,"8":15,"9":1,"10":16,"11":15,"12":16,"13":25,"14":2,"15":2,"16":2,"17":3,"18":3,"19":3,"20":1,"21":3,"22":2,"23":2,"24":5,"25":5,"26":5,"27":5,"28":5,"29":4,"30":5,"31":5,"32":4,"33":4,"34":4,"35":1,"36":1,"37":4,"38":1,"39":1,"40":0,"41":3,"42":3,"43":3,"44":1,"45":2,"46":1,"47":1,"48":1,"49":1,"50":6,"51":3,"52":3,"53":3,"54":3,"55":3,"56":3,"57":1},"f":{"0":15,"1":16,"2":25,"3":2,"4":3,"5":2,"6":5,"7":3,"8":1,"9":6,"10":3},"b":{"0":[1,1],"1":[15,15],"2":[0,15],"3":[15,1],"4":[2,1],"5":[1,2],"6":[4,1],"7":[4,1],"8":[1,3],"9":[1,0],"10":[1,1],"11":[3,3],"12":[6,5,5],"13":[3,2]},"_coverageSchema":"1a1c01bbd47fc00a2c39e90264f33305004495a9","hash":"42114cc4a09b93efb834d2528543d79b84fdacda"}
,"/Users/wcj/Projects/sealed.fyi.worktrees/2g/backend/functions/shared/pow.js": {"path":"/Users/wcj/Projects/sealed.fyi.worktrees/2g/backend/functions/shared/pow.js","statementMap":{"0":{"start":{"line":3,"column":15},"end":{"line":3,"column":32}},"1":{"start":{"line":6,"column":27},"end":{"line":6,"column":29}},"2":{"start":{"line":7,"column":23},"end":{"line":7,"column":32}},"3":{"start":{"line":22,"column":2},"end":{"line":25,"column":4}},"4":{"start":{"line":34,"column":2},"end":{"line":34,"column":60}},"5":{"start":{"line":43,"column":17},"end":{"line":43,"column":18}},"6":{"start":{"line":45,"column":2},"end":{"line":57,"column":3}},"7":{"start":{"line":45,"column":15},"end":{"line":45,"column":16}},"8":{"start":{"line":46,"column":17},"end":{"line":46,"column":26}},"9":{"start":{"line":48,"column":4},"end":{"line":56,"column":5}},"10":{"start":{"line":50,"column":6},"end":{"line":50,"column":20}},"11":{"start":{"line":54,"column":6},"end":{"line":54,"column":40}},"12":{"start":{"line":55,"column":6},"end":{"line":55,"column":12}},"13":{"start":{"line":59,"column":2},"end":{"line":59,"column":18}},"14":{"start":{"line":71,"column":2},"end":{"line":73,"column":3}},"15":{"start":{"line":72,"column":4},"end":{"line":72,"column":17}},"16":{"start":{"line":74,"column":2},"end":{"line":76,"column":3}},"17":{"start":{"line":75,"column":4},"end":{"line":75,"column":17}},"18":{"start":{"line":77,"column":2},"end":{"line":79,"column":3}},"19":{"start":{"line":78,"column":4},"end":{"line":78,"column":17}},"20":{"start":{"line":82,"column":16},"end":{"line":82,"column":51}},"21":{"start":{"line":85,"column":15},"end":{"line":85,"column":28}},"22":{"start":{"line":88,"column":23},"end":{"line":88,"column":49}},"23":{"start":{"line":90,"column":2},"end":{"line":90,"column":46}},"24":{"start":{"line":102,"column":2},"end":{"line":107,"column":3}},"25":{"start":{"line":102,"column":15},"end":{"line":102,"column":16}},"26":{"start":{"line":103,"column":21},"end":{"line":103,"column":33}},"27":{"start":{"line":104,"column":4},"end":{"line":106,"column":5}},"28":{"start":{"line":105,"column":6},"end":{"line":105,"column":22}},"29":{"start":{"line":108,"column":2},"end":{"line":108,"column":14}},"30":{"start":{"line":111,"column":0},"end":{"line":122,"column":2}}},"fnMap":{"0":{"name":"generateChallenge","decl":{"start":{"line":21,"column":9},"end":{"line":21,"column":26}},"loc":{"start":{"line":21,"column":85},"end":{"line":26,"column":1}},"line":21},"1":{"name":"sha256","decl":{"start":{"line":33,"column":9},"end":{"line":33,"column":15}},"loc":{"start":{"line":33,"column":23},"end":{"line":35,"column":1}},"line":33},"2":{"name":"countLeadingZeroBits","decl":{"start":{"line":42,"column":9},"end":{"line":42,"column":29}},"loc":{"start":{"line":42,"column":38},"end":{"line":60,"column":1}},"line":42},"3":{"name":"verifyPow","decl":{"start":{"line":69,"column":9},"end":{"line":69,"column":18}},"loc":{"start":{"line":69,"column":47},"end":{"line":91,"column":1}},"line":69},"4":{"name":"solvePow","decl":{"start":{"line":101,"column":9},"end":{"line":101,"column":17}},"loc":{"start":{"line":101,"column":60},"end":{"line":109,"column":1}},"line":101}},"branchMap":{"0":{"loc":{"start":{"line":21,"column":27},"end":{"line":21,"column":58}},"type":"default-arg","locations":[{"start":{"line":21,"column":40},"end":{"line":21,"column":58}}],"line":21},"1":{"loc":{"start":{"line":21,"column":60},"end":{"line":21,"column":83}},"type":"default-arg","locations":[{"start":{"line":21,"column":69},"end":{"line":21,"column":83}}],"line":21},"2":{"loc":{"start":{"line":48,"column":4},"end":{"line":56,"column":5}},"type":"if","locations":[{"start":{"line":48,"column":4},"end":{"line":56,"column":5}},{"start":{"line":51,"column":11},"end":{"line":56,"column":5}}],"line":48},"3":{"loc":{"start":{"line":71,"column":2},"end":{"line":73,"column":3}},"type":"if","locations":[{"start":{"line":71,"column":2},"end":{"line":73,"column":3}},{"start":{},"end":{}}],"line":71},"4":{"loc":{"start":{"line":71,"column":6},"end":{"line":71,"column":41}},"type":"binary-expr","locations":[{"start":{"line":71,"column":6},"end":{"line":71,"column":12}},{"start":{"line":71,"column":16},"end":{"line":71,"column":41}}],"line":71},"5":{"loc":{"start":{"line":74,"column":2},"end":{"line":76,"column":3}},"type":"if","locations":[{"start":{"line":74,"column":2},"end":{"line":76,"column":3}},{"start":{},"end":{}}],"line":74},"6":{"loc":{"start":{"line":74,"column":6},"end":{"line":74,"column":47}},"type":"binary-expr","locations":[{"start":{"line":74,"column":6},"end":{"line":74,"column":15}},{"start":{"line":74,"column":19},"end":{"line":74,"column":47}}],"line":74},"7":{"loc":{"start":{"line":77,"column":2},"end":{"line":79,"column":3}},"type":"if","locations":[{"start":{"line":77,"column":2},"end":{"line":79,"column":3}},{"start":{},"end":{}}],"line":77},"8":{"loc":{"start":{"line":77,"column":6},"end":{"line":77,"column":81}},"type":"binary-expr","locations":[{"start":{"line":77,"column":6},"end":{"line":77,"column":16}},{"start":{"line":77,"column":20},"end":{"line":77,"column":60}},{"start":{"line":77,"column":64},"end":{"line":77,"column":81}}],"line":77},"9":{"loc":{"start":{"line":101,"column":36},"end":{"line":101,"column":58}},"type":"default-arg","locations":[{"start":{"line":101,"column":50},"end":{"line":101,"column":58}}],"line":101},"10":{"loc":{"start":{"line":104,"column":4},"end":{"line":106,"column":5}},"type":"if","locations":[{"start":{"line":104,"column":4},"end":{"line":106,"column":5}},{"start":{},"end":{}}],"line":104}},"s":{"0":1,"1":1,"2":1,"3":5,"4":7159,"5":7163,"6":7163,"7":7163,"8":7193,"9":7193,"10":31,"11":7162,"12":7162,"13":7163,"14":7169,"15":4,"16":7165,"17":4,"18":7161,"19":4,"20":7157,"21":7157,"22":7157,"23":7157,"24":6,"25":6,"26":7151,"27":7151,"28":5,"29":1,"30":1},"f":{"0":5,"1":7159,"2":7163,"3":7169,"4":6},"b":{"0":[1],"1":[4],"2":[31,7162],"3":[4,7165],"4":[7169,7167],"5":[4,7161],"6":[7165,7163],"7":[4,7157],"8":[7161,7160,7158],"9":[0],"10":[5,7146]},"_coverageSchema":"1a1c01bbd47fc00a2c39e90264f33305004495a9","hash":"39a5c2c2194a68f8e49f7b0bca4ceac020cc1516"}
,"/Users/wcj/Projects/sealed.fyi.worktrees/2g/backend/functions/shared/responses.js": {"path":"/Users/wcj/Projects/sealed.fyi.worktrees/2g/backend/functions/shared/responses.js","statementMap":{"0":{"start":{"line":4,"column":21},"end":{"line":7,"column":1}},"1":{"start":{"line":17,"column":19},"end":{"line":23,"column":3}},"2":{"start":{"line":25,"column":2},"end":{"line":29,"column":3}},"3":{"start":{"line":26,"column":4},"end":{"line":26,"column":41}},"4":{"start":{"line":28,"column":4},"end":{"line":28,"column":23}},"5":{"start":{"line":31,"column":2},"end":{"line":31,"column":18}},"6":{"start":{"line":41,"column":2},"end":{"line":41,"column":41}},"7":{"start":{"line":50,"column":2},"end":{"line":50,"column":34}},"8":{"start":{"line":59,"column":2},"end":{"line":59,"column":56}},"9":{"start":{"line":68,"column":2},"end":{"line":74,"column":4}},"10":{"start":{"line":83,"column":2},"end":{"line":86,"column":5}},"11":{"start":{"line":95,"column":2},"end":{"line":95,"column":56}},"12":{"start":{"line":104,"column":2},"end":{"line":104,"column":54}},"13":{"start":{"line":112,"column":2},"end":{"line":112,"column":57}},"14":{"start":{"line":115,"column":0},"end":{"line":129,"column":2}}},"fnMap":{"0":{"name":"buildResponse","decl":{"start":{"line":16,"column":9},"end":{"line":16,"column":22}},"loc":{"start":{"line":16,"column":65},"end":{"line":32,"column":1}},"line":16},"1":{"name":"success","decl":{"start":{"line":40,"column":9},"end":{"line":40,"column":16}},"loc":{"start":{"line":40,"column":41},"end":{"line":42,"column":1}},"line":40},"2":{"name":"created","decl":{"start":{"line":49,"column":9},"end":{"line":49,"column":16}},"loc":{"start":{"line":49,"column":23},"end":{"line":51,"column":1}},"line":49},"3":{"name":"notAvailable","decl":{"start":{"line":58,"column":9},"end":{"line":58,"column":21}},"loc":{"start":{"line":58,"column":24},"end":{"line":60,"column":1}},"line":58},"4":{"name":"noContent","decl":{"start":{"line":67,"column":9},"end":{"line":67,"column":18}},"loc":{"start":{"line":67,"column":21},"end":{"line":75,"column":1}},"line":67},"5":{"name":"badRequest","decl":{"start":{"line":82,"column":9},"end":{"line":82,"column":19}},"loc":{"start":{"line":82,"column":29},"end":{"line":87,"column":1}},"line":82},"6":{"name":"unauthorized","decl":{"start":{"line":94,"column":9},"end":{"line":94,"column":21}},"loc":{"start":{"line":94,"column":24},"end":{"line":96,"column":1}},"line":94},"7":{"name":"forbidden","decl":{"start":{"line":103,"column":9},"end":{"line":103,"column":18}},"loc":{"start":{"line":103,"column":21},"end":{"line":105,"column":1}},"line":103},"8":{"name":"internalError","decl":{"start":{"line":111,"column":9},"end":{"line":111,"column":22}},"loc":{"start":{"line":111,"column":25},"end":{"line":113,"column":1}},"line":111}},"branchMap":{"0":{"loc":{"start":{"line":16,"column":41},"end":{"line":16,"column":63}},"type":"default-arg","locations":[{"start":{"line":16,"column":61},"end":{"line":16,"column":63}}],"line":16},"1":{"loc":{"start":{"line":25,"column":2},"end":{"line":29,"column":3}},"type":"if","locations":[{"start":{"line":25,"column":2},"end":{"line":29,"column":3}},{"start":{"line":27,"column":9},"end":{"line":29,"column":3}}],"line":25},"2":{"loc":{"start":{"line":40,"column":23},"end":{"line":40,"column":39}},"type":"default-arg","locations":[{"start":{"line":40,"column":36},"end":{"line":40,"column":39}}],"line":40}},"s":{"0":1,"1":17,"2":17,"3":16,"4":1,"5":17,"6":2,"7":1,"8":5,"9":2,"10":1,"11":2,"12":2,"13":2,"14":1},"f":{"0":17,"1":2,"2":1,"3":5,"4":2,"5":1,"6":2,"7":2,"8":2},"b":{"0":[16],"1":[16,1],"2":[1]},"_coverageSchema":"1a1c01bbd47fc00a2c39e90264f33305004495a9","hash":"846f5b0ddae5a19360ebf70e52e4f5b43569aa98"}
,"/Users/wcj/Projects/sealed.fyi.worktrees/2g/backend/functions/shared/token.js": {"path":"/Users/wcj/Projects/sealed.fyi.worktrees/2g/backend/functions/shared/token.js","statementMap":{"0":{"start":{"line":3,"column":15},"end":{"line":3,"column":32}},"1":{"start":{"line":4,"column":12},"end":{"line":4,"column":35}},"2":{"start":{"line":7,"column":26},"end":{"line":7,"column":29}},"3":{"start":{"line":8,"column":20},"end":{"line":8,"column":22}},"4":{"start":{"line":9,"column":24},"end":{"line":9,"column":26}},"5":{"start":{"line":10,"column":25},"end":{"line":10,"column":27}},"6":{"start":{"line":11,"column":27},"end":{"line":11,"column":29}},"7":{"start":{"line":12,"column":31},"end":{"line":12,"column":33}},"8":{"start":{"line":13,"column":19},"end":{"line":13,"column":28}},"9":{"start":{"line":20,"column":2},"end":{"line":20,"column":57}},"10":{"start":{"line":28,"column":2},"end":{"line":28,"column":80}},"11":{"start":{"line":36,"column":2},"end":{"line":36,"column":62}},"12":{"start":{"line":44,"column":2},"end":{"line":44,"column":64}},"13":{"start":{"line":52,"column":2},"end":{"line":52,"column":29}},"14":{"start":{"line":61,"column":17},"end":{"line":61,"column":39}},"15":{"start":{"line":62,"column":2},"end":{"line":64,"column":3}},"16":{"start":{"line":63,"column":4},"end":{"line":63,"column":66}},"17":{"start":{"line":65,"column":2},"end":{"line":65,"column":16}},"18":{"start":{"line":73,"column":2},"end":{"line":76,"column":4}},"19":{"start":{"line":86,"column":17},"end":{"line":86,"column":31}},"20":{"start":{"line":87,"column":14},"end":{"line":87,"column":43}},"21":{"start":{"line":89,"column":18},"end":{"line":97,"column":3}},"22":{"start":{"line":99,"column":2},"end":{"line":99,"column":59}},"23":{"start":{"line":119,"column":2},"end":{"line":121,"column":3}},"24":{"start":{"line":120,"column":4},"end":{"line":120,"column":16}},"25":{"start":{"line":123,"column":2},"end":{"line":149,"column":3}},"26":{"start":{"line":124,"column":19},"end":{"line":124,"column":33}},"27":{"start":{"line":125,"column":20},"end":{"line":127,"column":6}},"28":{"start":{"line":130,"column":4},"end":{"line":138,"column":5}},"29":{"start":{"line":137,"column":6},"end":{"line":137,"column":18}},"30":{"start":{"line":141,"column":4},"end":{"line":143,"column":5}},"31":{"start":{"line":142,"column":6},"end":{"line":142,"column":18}},"32":{"start":{"line":145,"column":4},"end":{"line":145,"column":19}},"33":{"start":{"line":148,"column":4},"end":{"line":148,"column":16}},"34":{"start":{"line":158,"column":2},"end":{"line":160,"column":3}},"35":{"start":{"line":159,"column":4},"end":{"line":159,"column":16}},"36":{"start":{"line":162,"column":16},"end":{"line":162,"column":37}},"37":{"start":{"line":163,"column":2},"end":{"line":165,"column":3}},"38":{"start":{"line":164,"column":4},"end":{"line":164,"column":16}},"39":{"start":{"line":168,"column":16},"end":{"line":168,"column":24}},"40":{"start":{"line":169,"column":2},"end":{"line":171,"column":3}},"41":{"start":{"line":170,"column":4},"end":{"line":170,"column":16}},"42":{"start":{"line":173,"column":2},"end":{"line":173,"column":15}},"43":{"start":{"line":176,"column":0},"end":{"line":198,"column":2}}},"fnMap":{"0":{"name":"generateNonce","decl":{"start":{"line":19,"column":9},"end":{"line":19,"column":22}},"loc":{"start":{"line":19,"column":25},"end":{"line":21,"column":1}},"line":19},"1":{"name":"generateSecretId","decl":{"start":{"line":27,"column":9},"end":{"line":27,"column":25}},"loc":{"start":{"line":27,"column":28},"end":{"line":29,"column":1}},"line":27},"2":{"name":"generateBurnToken","decl":{"start":{"line":35,"column":9},"end":{"line":35,"column":26}},"loc":{"start":{"line":35,"column":29},"end":{"line":37,"column":1}},"line":35},"3":{"name":"generateAccessToken","decl":{"start":{"line":43,"column":9},"end":{"line":43,"column":28}},"loc":{"start":{"line":43,"column":31},"end":{"line":45,"column":1}},"line":43},"4":{"name":"generateJti","decl":{"start":{"line":51,"column":9},"end":{"line":51,"column":20}},"loc":{"start":{"line":51,"column":23},"end":{"line":53,"column":1}},"line":51},"5":{"name":"getJwtSecret","decl":{"start":{"line":60,"column":9},"end":{"line":60,"column":21}},"loc":{"start":{"line":60,"column":24},"end":{"line":66,"column":1}},"line":60},"6":{"name":"generateChallenge","decl":{"start":{"line":72,"column":9},"end":{"line":72,"column":26}},"loc":{"start":{"line":72,"column":29},"end":{"line":77,"column":1}},"line":72},"7":{"name":"generateToken","decl":{"start":{"line":85,"column":9},"end":{"line":85,"column":22}},"loc":{"start":{"line":85,"column":44},"end":{"line":100,"column":1}},"line":85},"8":{"name":"validateToken","decl":{"start":{"line":118,"column":9},"end":{"line":118,"column":22}},"loc":{"start":{"line":118,"column":30},"end":{"line":150,"column":1}},"line":118},"9":{"name":"extractBearerToken","decl":{"start":{"line":157,"column":9},"end":{"line":157,"column":27}},"loc":{"start":{"line":157,"column":40},"end":{"line":174,"column":1}},"line":157}},"branchMap":{"0":{"loc":{"start":{"line":62,"column":2},"end":{"line":64,"column":3}},"type":"if","locations":[{"start":{"line":62,"column":2},"end":{"line":64,"column":3}},{"start":{},"end":{}}],"line":62},"1":{"loc":{"start":{"line":119,"column":2},"end":{"line":121,"column":3}},"type":"if","locations":[{"start":{"line":119,"column":2},"end":{"line":121,"column":3}},{"start":{},"end":{}}],"line":119},"2":{"loc":{"start":{"line":119,"column":6},"end":{"line":119,"column":41}},"type":"binary-expr","locations":[{"start":{"line":119,"column":6},"end":{"line":119,"column":12}},{"start":{"line":119,"column":16},"end":{"line":119,"column":41}}],"line":119},"3":{"loc":{"start":{"line":130,"column":4},"end":{"line":138,"column":5}},"type":"if","locations":[{"start":{"line":130,"column":4},"end":{"line":138,"column":5}},{"start":{},"end":{}}],"line":130},"4":{"loc":{"start":{"line":131,"column":6},"end":{"line":135,"column":25}},"type":"binary-expr","locations":[{"start":{"line":131,"column":6},"end":{"line":131,"column":18}},{"start":{"line":132,"column":6},"end":{"line":132,"column":20}},{"start":{"line":133,"column":6},"end":{"line":133,"column":17}},{"start":{"line":134,"column":6},"end":{"line":134,"column":48}},{"start":{"line":135,"column":6},"end":{"line":135,"column":25}}],"line":131},"5":{"loc":{"start":{"line":141,"column":4},"end":{"line":143,"column":5}},"type":"if","locations":[{"start":{"line":141,"column":4},"end":{"line":143,"column":5}},{"start":{},"end":{}}],"line":141},"6":{"loc":{"start":{"line":158,"column":2},"end":{"line":160,"column":3}},"type":"if","locations":[{"start":{"line":158,"column":2},"end":{"line":160,"column":3}},{"start":{},"end":{}}],"line":158},"7":{"loc":{"start":{"line":158,"column":6},"end":{"line":158,"column":51}},"type":"binary-expr","locations":[{"start":{"line":158,"column":6},"end":{"line":158,"column":17}},{"start":{"line":158,"column":21},"end":{"line":158,"column":51}}],"line":158},"8":{"loc":{"start":{"line":163,"column":2},"end":{"line":165,"column":3}},"type":"if","locations":[{"start":{"line":163,"column":2},"end":{"line":165,"column":3}},{"start":{},"end":{}}],"line":163},"9":{"loc":{"start":{"line":163,"column":6},"end":{"line":163,"column":63}},"type":"binary-expr","locations":[{"start":{"line":163,"column":6},"end":{"line":163,"column":24}},{"start":{"line":163,"column":28},"end":{"line":163,"column":63}}],"line":163},"10":{"loc":{"start":{"line":169,"column":2},"end":{"line":171,"column":3}},"type":"if","locations":[{"start":{"line":169,"column":2},"end":{"line":171,"column":3}},{"start":{},"end":{}}],"line":169}},"s":{"0":1,"1":1,"2":1,"3":1,"4":1,"5":1,"6":1,"7":1,"8":1,"9":5,"10":3,"11":3,"12":3,"13":3,"14":11,"15":11,"16":1,"17":10,"18":3,"19":4,"20":3,"21":3,"22":3,"23":13,"24":6,"25":7,"26":7,"27":7,"28":4,"29":1,"30":3,"31":1,"32":2,"33":3,"34":12,"35":5,"36":7,"37":7,"38":4,"39":3,"40":3,"41":1,"42":2,"43":1},"f":{"0":5,"1":3,"2":3,"3":3,"4":3,"5":11,"6":3,"7":4,"8":13,"9":12},"b":{"0":[1,10],"1":[6,7],"2":[13,10],"3":[1,3],"4":[4,4,3,3,3],"5":[1,2],"6":[5,7],"7":[12,9],"8":[4,3],"9":[7,4],"10":[1,2]},"_coverageSchema":"1a1c01bbd47fc00a2c39e90264f33305004495a9","hash":"04e732476ac41bdec813eda35790243aed5564fb"}
,"/Users/wcj/Projects/sealed.fyi.worktrees/2g/backend/functions/shared/validation.js": {"path":"/Users/wcj/Projects/sealed.fyi.worktrees/2g/backend/functions/shared/validation.js","statementMap":{"0":{"start":{"line":4,"column":16},"end":{"line":4,"column":19}},"1":{"start":{"line":5,"column":16},"end":{"line":5,"column":23}},"2":{"start":{"line":6,"column":22},"end":{"line":6,"column":23}},"3":{"start":{"line":7,"column":22},"end":{"line":7,"column":23}},"4":{"start":{"line":8,"column":29},"end":{"line":8,"column":38}},"5":{"start":{"line":9,"column":17},"end":{"line":9,"column":19}},"6":{"start":{"line":10,"column":19},"end":{"line":10,"column":21}},"7":{"start":{"line":11,"column":20},"end":{"line":11,"column":22}},"8":{"start":{"line":19,"column":2},"end":{"line":21,"column":3}},"9":{"start":{"line":20,"column":4},"end":{"line":20,"column":17}},"10":{"start":{"line":24,"column":22},"end":{"line":24,"column":46}},"11":{"start":{"line":27,"column":2},"end":{"line":29,"column":3}},"12":{"start":{"line":28,"column":4},"end":{"line":28,"column":17}},"13":{"start":{"line":31,"column":2},"end":{"line":37,"column":3}},"14":{"start":{"line":33,"column":20},"end":{"line":33,"column":46}},"15":{"start":{"line":34,"column":4},"end":{"line":34,"column":46}},"16":{"start":{"line":36,"column":4},"end":{"line":36,"column":17}},"17":{"start":{"line":46,"column":2},"end":{"line":48,"column":3}},"18":{"start":{"line":47,"column":4},"end":{"line":47,"column":13}},"19":{"start":{"line":51,"column":18},"end":{"line":51,"column":54}},"20":{"start":{"line":52,"column":2},"end":{"line":52,"column":58}},"21":{"start":{"line":61,"column":2},"end":{"line":63,"column":3}},"22":{"start":{"line":62,"column":4},"end":{"line":62,"column":17}},"23":{"start":{"line":64,"column":2},"end":{"line":64,"column":36}},"24":{"start":{"line":73,"column":2},"end":{"line":75,"column":3}},"25":{"start":{"line":74,"column":4},"end":{"line":74,"column":17}},"26":{"start":{"line":76,"column":2},"end":{"line":76,"column":42}},"27":{"start":{"line":85,"column":2},"end":{"line":87,"column":3}},"28":{"start":{"line":86,"column":4},"end":{"line":86,"column":17}},"29":{"start":{"line":88,"column":2},"end":{"line":88,"column":64}},"30":{"start":{"line":97,"column":2},"end":{"line":99,"column":3}},"31":{"start":{"line":98,"column":4},"end":{"line":98,"column":17}},"32":{"start":{"line":101,"column":2},"end":{"line":103,"column":3}},"33":{"start":{"line":102,"column":4},"end":{"line":102,"column":17}},"34":{"start":{"line":105,"column":21},"end":{"line":105,"column":52}},"35":{"start":{"line":106,"column":2},"end":{"line":106,"column":62}},"36":{"start":{"line":115,"column":2},"end":{"line":117,"column":3}},"37":{"start":{"line":116,"column":4},"end":{"line":116,"column":17}},"38":{"start":{"line":119,"column":2},"end":{"line":121,"column":3}},"39":{"start":{"line":120,"column":4},"end":{"line":120,"column":17}},"40":{"start":{"line":123,"column":2},"end":{"line":123,"column":46}},"41":{"start":{"line":133,"column":2},"end":{"line":135,"column":3}},"42":{"start":{"line":134,"column":4},"end":{"line":134,"column":16}},"43":{"start":{"line":137,"column":2},"end":{"line":139,"column":3}},"44":{"start":{"line":138,"column":4},"end":{"line":138,"column":17}},"45":{"start":{"line":141,"column":2},"end":{"line":143,"column":3}},"46":{"start":{"line":142,"column":4},"end":{"line":142,"column":17}},"47":{"start":{"line":145,"column":2},"end":{"line":145,"column":50}},"48":{"start":{"line":154,"column":2},"end":{"line":156,"column":3}},"49":{"start":{"line":155,"column":4},"end":{"line":155,"column":17}},"50":{"start":{"line":158,"column":2},"end":{"line":160,"column":3}},"51":{"start":{"line":159,"column":4},"end":{"line":159,"column":17}},"52":{"start":{"line":163,"column":2},"end":{"line":163,"column":42}},"53":{"start":{"line":172,"column":2},"end":{"line":174,"column":3}},"54":{"start":{"line":173,"column":4},"end":{"line":173,"column":17}},"55":{"start":{"line":178,"column":2},"end":{"line":180,"column":3}},"56":{"start":{"line":179,"column":4},"end":{"line":179,"column":17}},"57":{"start":{"line":182,"column":2},"end":{"line":182,"column":37}},"58":{"start":{"line":191,"column":2},"end":{"line":193,"column":3}},"59":{"start":{"line":192,"column":4},"end":{"line":192,"column":17}},"60":{"start":{"line":195,"column":2},"end":{"line":197,"column":3}},"61":{"start":{"line":196,"column":4},"end":{"line":196,"column":17}},"62":{"start":{"line":200,"column":2},"end":{"line":200,"column":33}},"63":{"start":{"line":210,"column":2},"end":{"line":212,"column":3}},"64":{"start":{"line":211,"column":4},"end":{"line":211,"column":16}},"65":{"start":{"line":214,"column":2},"end":{"line":216,"column":3}},"66":{"start":{"line":215,"column":4},"end":{"line":215,"column":17}},"67":{"start":{"line":218,"column":2},"end":{"line":220,"column":3}},"68":{"start":{"line":219,"column":4},"end":{"line":219,"column":17}},"69":{"start":{"line":222,"column":2},"end":{"line":222,"column":35}},"70":{"start":{"line":231,"column":2},"end":{"line":233,"column":3}},"71":{"start":{"line":232,"column":4},"end":{"line":232,"column":63}},"72":{"start":{"line":235,"column":2},"end":{"line":237,"column":3}},"73":{"start":{"line":236,"column":4},"end":{"line":236,"column":68}},"74":{"start":{"line":239,"column":2},"end":{"line":241,"column":3}},"75":{"start":{"line":240,"column":4},"end":{"line":240,"column":86}},"76":{"start":{"line":243,"column":2},"end":{"line":245,"column":3}},"77":{"start":{"line":244,"column":4},"end":{"line":244,"column":85}},"78":{"start":{"line":247,"column":2},"end":{"line":249,"column":3}},"79":{"start":{"line":248,"column":4},"end":{"line":248,"column":85}},"80":{"start":{"line":251,"column":2},"end":{"line":253,"column":3}},"81":{"start":{"line":252,"column":4},"end":{"line":252,"column":59}},"82":{"start":{"line":255,"column":2},"end":{"line":257,"column":3}},"83":{"start":{"line":256,"column":4},"end":{"line":256,"column":93}},"84":{"start":{"line":259,"column":2},"end":{"line":261,"column":3}},"85":{"start":{"line":260,"column":4},"end":{"line":260,"column":102}},"86":{"start":{"line":263,"column":2},"end":{"line":265,"column":3}},"87":{"start":{"line":264,"column":4},"end":{"line":264,"column":76}},"88":{"start":{"line":268,"column":2},"end":{"line":270,"column":3}},"89":{"start":{"line":269,"column":4},"end":{"line":269,"column":88}},"90":{"start":{"line":272,"column":2},"end":{"line":272,"column":25}},"91":{"start":{"line":275,"column":0},"end":{"line":301,"column":2}}},"fnMap":{"0":{"name":"isValidBase64","decl":{"start":{"line":18,"column":9},"end":{"line":18,"column":22}},"loc":{"start":{"line":18,"column":28},"end":{"line":38,"column":1}},"line":18},"1":{"name":"getBase64ByteLength","decl":{"start":{"line":45,"column":9},"end":{"line":45,"column":28}},"loc":{"start":{"line":45,"column":40},"end":{"line":53,"column":1}},"line":45},"2":{"name":"isValidHex","decl":{"start":{"line":60,"column":9},"end":{"line":60,"column":19}},"loc":{"start":{"line":60,"column":25},"end":{"line":65,"column":1}},"line":60},"3":{"name":"validateTTL","decl":{"start":{"line":72,"column":9},"end":{"line":72,"column":20}},"loc":{"start":{"line":72,"column":26},"end":{"line":77,"column":1}},"line":72},"4":{"name":"validateMaxViews","decl":{"start":{"line":84,"column":9},"end":{"line":84,"column":25}},"loc":{"start":{"line":84,"column":36},"end":{"line":89,"column":1}},"line":84},"5":{"name":"validateCiphertext","decl":{"start":{"line":96,"column":9},"end":{"line":96,"column":27}},"loc":{"start":{"line":96,"column":40},"end":{"line":107,"column":1}},"line":96},"6":{"name":"validateIV","decl":{"start":{"line":114,"column":9},"end":{"line":114,"column":19}},"loc":{"start":{"line":114,"column":24},"end":{"line":124,"column":1}},"line":114},"7":{"name":"validateSalt","decl":{"start":{"line":131,"column":9},"end":{"line":131,"column":21}},"loc":{"start":{"line":131,"column":28},"end":{"line":146,"column":1}},"line":131},"8":{"name":"validateNonce","decl":{"start":{"line":153,"column":9},"end":{"line":153,"column":22}},"loc":{"start":{"line":153,"column":30},"end":{"line":164,"column":1}},"line":153},"9":{"name":"validateSecretId","decl":{"start":{"line":171,"column":9},"end":{"line":171,"column":25}},"loc":{"start":{"line":171,"column":30},"end":{"line":183,"column":1}},"line":171},"10":{"name":"validateBurnToken","decl":{"start":{"line":190,"column":9},"end":{"line":190,"column":26}},"loc":{"start":{"line":190,"column":38},"end":{"line":201,"column":1}},"line":190},"11":{"name":"validateAccessToken","decl":{"start":{"line":208,"column":9},"end":{"line":208,"column":28}},"loc":{"start":{"line":208,"column":42},"end":{"line":223,"column":1}},"line":208},"12":{"name":"validateCreateSecretRequest","decl":{"start":{"line":230,"column":9},"end":{"line":230,"column":36}},"loc":{"start":{"line":230,"column":43},"end":{"line":273,"column":1}},"line":230}},"branchMap":{"0":{"loc":{"start":{"line":19,"column":2},"end":{"line":21,"column":3}},"type":"if","locations":[{"start":{"line":19,"column":2},"end":{"line":21,"column":3}},{"start":{},"end":{}}],"line":19},"1":{"loc":{"start":{"line":19,"column":6},"end":{"line":19,"column":37}},"type":"binary-expr","locations":[{"start":{"line":19,"column":6},"end":{"line":19,"column":10}},{"start":{"line":19,"column":14},"end":{"line":19,"column":37}}],"line":19},"2":{"loc":{"start":{"line":27,"column":2},"end":{"line":29,"column":3}},"type":"if","locations":[{"start":{"line":27,"column":2},"end":{"line":29,"column":3}},{"start":{},"end":{}}],"line":27},"3":{"loc":{"start":{"line":46,"column":2},"end":{"line":48,"column":3}},"type":"if","locations":[{"start":{"line":46,"column":2},"end":{"line":48,"column":3}},{"start":{},"end":{}}],"line":46},"4":{"loc":{"start":{"line":46,"column":6},"end":{"line":46,"column":49}},"type":"binary-expr","locations":[{"start":{"line":46,"column":6},"end":{"line":46,"column":16}},{"start":{"line":46,"column":20},"end":{"line":46,"column":49}}],"line":46},"5":{"loc":{"start":{"line":51,"column":19},"end":{"line":51,"column":46}},"type":"binary-expr","locations":[{"start":{"line":51,"column":19},"end":{"line":51,"column":40}},{"start":{"line":51,"column":44},"end":{"line":51,"column":46}}],"line":51},"6":{"loc":{"start":{"line":61,"column":2},"end":{"line":63,"column":3}},"type":"if","locations":[{"start":{"line":61,"column":2},"end":{"line":63,"column":3}},{"start":{},"end":{}}],"line":61},"7":{"loc":{"start":{"line":61,"column":6},"end":{"line":61,"column":37}},"type":"binary-expr","locations":[{"start":{"line":61,"column":6},"end":{"line":61,"column":10}},{"start":{"line":61,"column":14},"end":{"line":61,"column":37}}],"line":61},"8":{"loc":{"start":{"line":73,"column":2},"end":{"line":75,"column":3}},"type":"if","locations":[{"start":{"line":73,"column":2},"end":{"line":75,"column":3}},{"start":{},"end":{}}],"line":73},"9":{"loc":{"start":{"line":73,"column":6},"end":{"line":73,"column":55}},"type":"binary-expr","locations":[{"start":{"line":73,"column":6},"end":{"line":73,"column":29}},{"start":{"line":73,"column":33},"end":{"line":73,"column":55}}],"line":73},"10":{"loc":{"start":{"line":76,"column":9},"end":{"line":76,"column":41}},"type":"binary-expr","locations":[{"start":{"line":76,"column":9},"end":{"line":76,"column":23}},{"start":{"line":76,"column":27},"end":{"line":76,"column":41}}],"line":76},"11":{"loc":{"start":{"line":85,"column":2},"end":{"line":87,"column":3}},"type":"if","locations":[{"start":{"line":85,"column":2},"end":{"line":87,"column":3}},{"start":{},"end":{}}],"line":85},"12":{"loc":{"start":{"line":85,"column":6},"end":{"line":85,"column":65}},"type":"binary-expr","locations":[{"start":{"line":85,"column":6},"end":{"line":85,"column":34}},{"start":{"line":85,"column":38},"end":{"line":85,"column":65}}],"line":85},"13":{"loc":{"start":{"line":88,"column":9},"end":{"line":88,"column":63}},"type":"binary-expr","locations":[{"start":{"line":88,"column":9},"end":{"line":88,"column":34}},{"start":{"line":88,"column":38},"end":{"line":88,"column":63}}],"line":88},"14":{"loc":{"start":{"line":97,"column":2},"end":{"line":99,"column":3}},"type":"if","locations":[{"start":{"line":97,"column":2},"end":{"line":99,"column":3}},{"start":{},"end":{}}],"line":97},"15":{"loc":{"start":{"line":97,"column":6},"end":{"line":97,"column":51}},"type":"binary-expr","locations":[{"start":{"line":97,"column":6},"end":{"line":97,"column":17}},{"start":{"line":97,"column":21},"end":{"line":97,"column":51}}],"line":97},"16":{"loc":{"start":{"line":101,"column":2},"end":{"line":103,"column":3}},"type":"if","locations":[{"start":{"line":101,"column":2},"end":{"line":103,"column":3}},{"start":{},"end":{}}],"line":101},"17":{"loc":{"start":{"line":106,"column":9},"end":{"line":106,"column":61}},"type":"binary-expr","locations":[{"start":{"line":106,"column":9},"end":{"line":106,"column":23}},{"start":{"line":106,"column":27},"end":{"line":106,"column":61}}],"line":106},"18":{"loc":{"start":{"line":115,"column":2},"end":{"line":117,"column":3}},"type":"if","locations":[{"start":{"line":115,"column":2},"end":{"line":117,"column":3}},{"start":{},"end":{}}],"line":115},"19":{"loc":{"start":{"line":115,"column":6},"end":{"line":115,"column":35}},"type":"binary-expr","locations":[{"start":{"line":115,"column":6},"end":{"line":115,"column":9}},{"start":{"line":115,"column":13},"end":{"line":115,"column":35}}],"line":115},"20":{"loc":{"start":{"line":119,"column":2},"end":{"line":121,"column":3}},"type":"if","locations":[{"start":{"line":119,"column":2},"end":{"line":121,"column":3}},{"start":{},"end":{}}],"line":119},"21":{"loc":{"start":{"line":133,"column":2},"end":{"line":135,"column":3}},"type":"if","locations":[{"start":{"line":133,"column":2},"end":{"line":135,"column":3}},{"start":{},"end":{}}],"line":133},"22":{"loc":{"start":{"line":137,"column":2},"end":{"line":139,"column":3}},"type":"if","locations":[{"start":{"line":137,"column":2},"end":{"line":139,"column":3}},{"start":{},"end":{}}],"line":137},"23":{"loc":{"start":{"line":141,"column":2},"end":{"line":143,"column":3}},"type":"if","locations":[{"start":{"line":141,"column":2},"end":{"line":143,"column":3}},{"start":{},"end":{}}],"line":141},"24":{"loc":{"start":{"line":154,"column":2},"end":{"line":156,"column":3}},"type":"if","locations":[{"start":{"line":154,"column":2},"end":{"line":156,"column":3}},{"start":{},"end":{}}],"line":154},"25":{"loc":{"start":{"line":154,"column":6},"end":{"line":154,"column":41}},"type":"binary-expr","locations":[{"start":{"line":154,"column":6},"end":{"line":154,"column":12}},{"start":{"line":154,"column":16},"end":{"line":154,"column":41}}],"line":154},"26":{"loc":{"start":{"line":158,"column":2},"end":{"line":160,"column":3}},"type":"if","locations":[{"start":{"line":158,"column":2},"end":{"line":160,"column":3}},{"start":{},"end":{}}],"line":158},"27":{"loc":{"start":{"line":172,"column":2},"end":{"line":174,"column":3}},"type":"if","locations":[{"start":{"line":172,"column":2},"end":{"line":174,"column":3}},{"start":{},"end":{}}],"line":172},"28":{"loc":{"start":{"line":172,"column":6},"end":{"line":172,"column":35}},"type":"binary-expr","locations":[{"start":{"line":172,"column":6},"end":{"line":172,"column":9}},{"start":{"line":172,"column":13},"end":{"line":172,"column":35}}],"line":172},"29":{"loc":{"start":{"line":178,"column":2},"end":{"line":180,"column":3}},"type":"if","locations":[{"start":{"line":178,"column":2},"end":{"line":180,"column":3}},{"start":{},"end":{}}],"line":178},"30":{"loc":{"start":{"line":191,"column":2},"end":{"line":193,"column":3}},"type":"if","locations":[{"start":{"line":191,"column":2},"end":{"line":193,"column":3}},{"start":{},"end":{}}],"line":191},"31":{"loc":{"start":{"line":191,"column":6},"end":{"line":191,"column":49}},"type":"binary-expr","locations":[{"start":{"line":191,"column":6},"end":{"line":191,"column":16}},{"start":{"line":191,"column":20},"end":{"line":191,"column":49}}],"line":191},"32":{"loc":{"start":{"line":195,"column":2},"end":{"line":197,"column":3}},"type":"if","locations":[{"start":{"line":195,"column":2},"end":{"line":197,"column":3}},{"start":{},"end":{}}],"line":195},"33":{"loc":{"start":{"line":210,"column":2},"end":{"line":212,"column":3}},"type":"if","locations":[{"start":{"line":210,"column":2},"end":{"line":212,"column":3}},{"start":{},"end":{}}],"line":210},"34":{"loc":{"start":{"line":210,"column":6},"end":{"line":210,"column":77}},"type":"binary-expr","locations":[{"start":{"line":210,"column":6},"end":{"line":210,"column":31}},{"start":{"line":210,"column":35},"end":{"line":210,"column":55}},{"start":{"line":210,"column":59},"end":{"line":210,"column":77}}],"line":210},"35":{"loc":{"start":{"line":214,"column":2},"end":{"line":216,"column":3}},"type":"if","locations":[{"start":{"line":214,"column":2},"end":{"line":216,"column":3}},{"start":{},"end":{}}],"line":214},"36":{"loc":{"start":{"line":218,"column":2},"end":{"line":220,"column":3}},"type":"if","locations":[{"start":{"line":218,"column":2},"end":{"line":220,"column":3}},{"start":{},"end":{}}],"line":218},"37":{"loc":{"start":{"line":231,"column":2},"end":{"line":233,"column":3}},"type":"if","locations":[{"start":{"line":231,"column":2},"end":{"line":233,"column":3}},{"start":{},"end":{}}],"line":231},"38":{"loc":{"start":{"line":231,"column":6},"end":{"line":231,"column":39}},"type":"binary-expr","locations":[{"start":{"line":231,"column":6},"end":{"line":231,"column":11}},{"start":{"line":231,"column":15},"end":{"line":231,"column":39}}],"line":231},"39":{"loc":{"start":{"line":235,"column":2},"end":{"line":237,"column":3}},"type":"if","locations":[{"start":{"line":235,"column":2},"end":{"line":237,"column":3}},{"start":{},"end":{}}],"line":235},"40":{"loc":{"start":{"line":239,"column":2},"end":{"line":241,"column":3}},"type":"if","locations":[{"start":{"line":239,"column":2},"end":{"line":241,"column":3}},{"start":{},"end":{}}],"line":239},"41":{"loc":{"start":{"line":243,"column":2},"end":{"line":245,"column":3}},"type":"if","locations":[{"start":{"line":243,"column":2},"end":{"line":245,"column":3}},{"start":{},"end":{}}],"line":243},"42":{"loc":{"start":{"line":247,"column":2},"end":{"line":249,"column":3}},"type":"if","locations":[{"start":{"line":247,"column":2},"end":{"line":249,"column":3}},{"start":{},"end":{}}],"line":247},"43":{"loc":{"start":{"line":251,"column":2},"end":{"line":253,"column":3}},"type":"if","locations":[{"start":{"line":251,"column":2},"end":{"line":253,"column":3}},{"start":{},"end":{}}],"line":251},"44":{"loc":{"start":{"line":251,"column":6},"end":{"line":251,"column":68}},"type":"binary-expr","locations":[{"start":{"line":251,"column":6},"end":{"line":251,"column":28}},{"start":{"line":251,"column":32},"end":{"line":251,"column":49}},{"start":{"line":251,"column":53},"end":{"line":251,"column":68}}],"line":251},"45":{"loc":{"start":{"line":255,"column":2},"end":{"line":257,"column":3}},"type":"if","locations":[{"start":{"line":255,"column":2},"end":{"line":257,"column":3}},{"start":{},"end":{}}],"line":255},"46":{"loc":{"start":{"line":259,"column":2},"end":{"line":261,"column":3}},"type":"if","locations":[{"start":{"line":259,"column":2},"end":{"line":261,"column":3}},{"start":{},"end":{}}],"line":259},"47":{"loc":{"start":{"line":263,"column":2},"end":{"line":265,"column":3}},"type":"if","locations":[{"start":{"line":263,"column":2},"end":{"line":265,"column":3}},{"start":{},"end":{}}],"line":263},"48":{"loc":{"start":{"line":268,"column":2},"end":{"line":270,"column":3}},"type":"if","locations":[{"start":{"line":268,"column":2},"end":{"line":270,"column":3}},{"start":{},"end":{}}],"line":268},"49":{"loc":{"start":{"line":268,"column":6},"end":{"line":268,"column":52}},"type":"binary-expr","locations":[{"start":{"line":268,"column":6},"end":{"line":268,"column":30}},{"start":{"line":268,"column":34},"end":{"line":268,"column":52}}],"line":268}},"s":{"0":1,"1":1,"2":1,"3":1,"4":1,"5":1,"6":1,"7":1,"8":38,"9":1,"10":37,"11":37,"12":5,"13":32,"14":32,"15":32,"16":0,"17":29,"18":0,"19":29,"20":29,"21":25,"22":1,"23":24,"24":19,"25":4,"26":15,"27":17,"28":3,"29":14,"30":20,"31":5,"32":15,"33":2,"34":13,"35":13,"36":17,"37":4,"38":13,"39":1,"40":12,"41":17,"42":8,"43":9,"44":3,"45":6,"46":2,"47":4,"48":17,"49":4,"50":13,"51":2,"52":11,"53":9,"54":3,"55":6,"56":2,"57":4,"58":6,"59":2,"60":4,"61":1,"62":3,"63":6,"64":3,"65":3,"66":0,"67":3,"68":2,"69":1,"70":13,"71":2,"72":11,"73":1,"74":10,"75":1,"76":9,"77":1,"78":8,"79":1,"80":7,"81":1,"82":6,"83":1,"84":5,"85":1,"86":4,"87":1,"88":3,"89":1,"90":2,"91":1},"f":{"0":38,"1":29,"2":25,"3":19,"4":17,"5":20,"6":17,"7":17,"8":17,"9":9,"10":6,"11":6,"12":13},"b":{"0":[1,37],"1":[38,37],"2":[5,32],"3":[0,29],"4":[29,29],"5":[29,13],"6":[1,24],"7":[25,24],"8":[4,15],"9":[19,16],"10":[15,11],"11":[3,14],"12":[17,15],"13":[14,12],"14":[5,15],"15":[20,16],"16":[2,13],"17":[13,13],"18":[4,13],"19":[17,13],"20":[1,12],"21":[8,9],"22":[3,6],"23":[2,4],"24":[4,13],"25":[17,13],"26":[2,11],"27":[3,6],"28":[9,6],"29":[2,4],"30":[2,4],"31":[6,4],"32":[1,3],"33":[3,3],"34":[6,5,4],"35":[0,3],"36":[2,1],"37":[2,11],"38":[13,11],"39":[1,10],"40":[1,9],"41":[1,8],"42":[1,7],"43":[1,6],"44":[7,6,6],"45":[1,5],"46":[1,4],"47":[1,3],"48":[1,2],"49":[3,2]},"_coverageSchema":"1a1c01bbd47fc00a2c39e90264f33305004495a9","hash":"5c7591646052d36b04913880c8bfd2d812b91d35"}
}
