TN:
SF:dynamo.js
FN:18,getTableName
FN:25,createClient
FN:43,getClient
FN:53,resetClient
FN:62,getSecret
FN:88,putSecret
FN:104,deleteSecret
FN:121,decrementViews
FN:156,conditionalDelete
FN:185,updateAccessToken
FNF:10
FNH:10
FNDA:13,getTableName
FNDA:12,createClient
FNDA:13,getClient
FNDA:12,resetClient
FNDA:2,getSecret
FNDA:2,putSecret
FNDA:3,deleteSecret
FNDA:3,decrementViews
FNDA:2,conditionalDelete
FNDA:1,updateAccessToken
DA:19,13
DA:26,12
DA:28,12
DA:29,0
DA:32,12
DA:33,12
DA:41,1
DA:44,13
DA:45,12
DA:47,13
DA:54,12
DA:63,2
DA:65,2
DA:70,2
DA:71,2
DA:89,2
DA:91,2
DA:97,2
DA:105,3
DA:107,3
DA:112,3
DA:122,3
DA:123,3
DA:125,3
DA:138,3
DA:139,2
DA:142,2
DA:143,1
DA:144,1
DA:147,1
DA:157,2
DA:159,2
DA:168,2
DA:169,2
DA:170,1
DA:172,1
DA:173,1
DA:175,0
DA:186,1
DA:188,1
DA:198,1
LF:41
LH:39
BRDA:19,0,0,13
BRDA:19,0,1,0
BRDA:28,1,0,0
BRDA:28,1,1,12
BRDA:44,2,0,12
BRDA:44,2,1,1
BRDA:71,3,0,2
BRDA:71,3,1,1
BRDA:142,4,0,1
BRDA:142,4,1,1
BRDA:172,5,0,1
BRDA:172,5,1,0
BRF:12
BRH:9
end_of_record
TN:
SF:pow.js
FN:22,generateChallenge
FN:34,countLeadingZeroBits
FN:64,verifyPow
FNF:3
FNH:3
FNDA:4,generateChallenge
FNDA:8,countLeadingZeroBits
FNDA:19,verifyPow
DA:8,1
DA:9,1
DA:23,4
DA:35,8
DA:37,8
DA:38,10
DA:40,10
DA:41,2
DA:44,8
DA:45,20
DA:46,12
DA:48,8
DA:54,0
DA:65,19
DA:66,7
DA:69,12
DA:70,2
DA:73,10
DA:74,2
DA:78,8
DA:81,8
DA:84,8
DA:86,8
LF:23
LH:22
BRDA:22,0,0,3
BRDA:40,1,0,2
BRDA:40,1,1,8
BRDA:45,2,0,12
BRDA:45,2,1,8
BRDA:65,3,0,7
BRDA:65,3,1,12
BRDA:65,4,0,19
BRDA:65,4,1,16
BRDA:65,4,2,15
BRDA:65,4,3,14
BRDA:69,5,0,2
BRDA:69,5,1,10
BRDA:69,6,0,12
BRDA:69,6,1,11
BRDA:73,7,0,2
BRDA:73,7,1,8
BRF:17
BRH:17
end_of_record
TN:
SF:responses.js
FN:22,success
FN:35,created
FN:55,notAvailable
FN:68,noContent
FN:83,badRequest
FN:99,unauthorized
FN:112,forbidden
FNF:7
FNH:7
FNDA:6,success
FNDA:5,created
FNDA:8,notAvailable
FNDA:6,noContent
FNDA:5,badRequest
FNDA:5,unauthorized
FNDA:5,forbidden
DA:11,1
DA:23,6
DA:36,5
DA:56,8
DA:69,6
DA:84,5
DA:100,5
DA:113,5
LF:8
LH:8
BRDA:22,0,0,5
BRF:1
BRH:1
end_of_record
TN:
SF:token.js
FN:15,getJwtSecret
FN:28,generateToken
FN:54,validateToken
FN:80,generateNonce
FN:89,generateSecretId
FN:100,generateBurnToken
FN:109,generateAccessToken
FNF:7
FNH:7
FNDA:12,getJwtSecret
FNDA:6,generateToken
FNDA:6,validateToken
FNDA:3,generateNonce
FNDA:3,generateSecretId
FNDA:3,generateBurnToken
FNDA:3,generateAccessToken
DA:9,1
DA:16,12
DA:29,6
DA:30,6
DA:31,1
DA:34,5
DA:36,5
DA:46,5
DA:55,6
DA:56,6
DA:57,1
DA:60,5
DA:61,5
DA:64,2
DA:66,1
DA:69,1
DA:72,3
DA:81,3
DA:90,3
DA:92,3
DA:101,3
DA:110,3
LF:22
LH:22
BRDA:30,0,0,1
BRDA:30,0,1,5
BRDA:56,1,0,1
BRDA:56,1,1,5
BRDA:64,2,0,1
BRDA:64,2,1,1
BRDA:64,3,0,2
BRDA:64,3,1,1
BRDA:64,3,2,1
BRDA:64,3,3,1
BRDA:64,3,4,1
BRF:11
BRH:11
end_of_record
TN:
SF:validation.js
FN:32,isValidBase64
FN:64,getBase64DecodedLength
FN:87,isValidHex
FN:100,validateTTL
FN:113,validateMaxViews
FN:126,validateCiphertext
FN:140,validateIV
FN:154,validateSalt
FN:173,validateNonce
FN:187,validateSecretId
FN:206,validateBurnToken
FNF:11
FNH:11
FNDA:24,isValidBase64
FNDA:11,getBase64DecodedLength
FNDA:21,isValidHex
FNDA:17,validateTTL
FNDA:13,validateMaxViews
FNDA:11,validateCiphertext
FNDA:7,validateIV
FNDA:7,validateSalt
FNDA:11,validateNonce
FNDA:11,validateSecretId
FNDA:10,validateBurnToken
DA:7,1
DA:8,1
DA:11,1
DA:12,1
DA:16,1
DA:19,1
DA:22,1
DA:25,1
DA:33,24
DA:34,9
DA:38,15
DA:41,15
DA:42,4
DA:46,11
DA:47,0
DA:50,11
DA:52,11
DA:53,11
DA:55,0
DA:65,11
DA:66,0
DA:70,11
DA:71,11
DA:73,11
DA:74,4
DA:75,7
DA:76,3
DA:79,11
DA:88,21
DA:89,7
DA:92,14
DA:101,17
DA:102,6
DA:105,11
DA:114,13
DA:115,5
DA:118,8
DA:127,11
DA:128,6
DA:131,5
DA:132,5
DA:141,7
DA:142,4
DA:145,3
DA:146,3
DA:156,7
DA:157,1
DA:160,6
DA:161,3
DA:164,3
DA:165,3
DA:174,11
DA:175,6
DA:179,5
DA:188,11
DA:189,3
DA:193,8
DA:194,3
DA:198,5
DA:207,10
DA:208,5
DA:212,5
LF:62
LH:59
BRDA:33,0,0,9
BRDA:33,0,1,15
BRDA:33,1,0,24
BRDA:33,1,1,18
BRDA:41,2,0,4
BRDA:41,2,1,11
BRDA:46,3,0,0
BRDA:46,3,1,11
BRDA:65,4,0,0
BRDA:65,4,1,11
BRDA:73,5,0,4
BRDA:73,5,1,7
BRDA:75,6,0,3
BRDA:75,6,1,4
BRDA:88,7,0,7
BRDA:88,7,1,14
BRDA:88,8,0,21
BRDA:88,8,1,16
BRDA:101,9,0,6
BRDA:101,9,1,11
BRDA:101,10,0,17
BRDA:101,10,1,13
BRDA:105,11,0,11
BRDA:105,11,1,7
BRDA:114,12,0,5
BRDA:114,12,1,8
BRDA:114,13,0,13
BRDA:114,13,1,10
BRDA:118,14,0,8
BRDA:118,14,1,6
BRDA:127,15,0,6
BRDA:127,15,1,5
BRDA:132,16,0,5
BRDA:132,16,1,5
BRDA:141,17,0,4
BRDA:141,17,1,3
BRDA:156,18,0,1
BRDA:156,18,1,6
BRDA:160,19,0,3
BRDA:160,19,1,3
BRDA:174,20,0,6
BRDA:174,20,1,5
BRDA:188,21,0,3
BRDA:188,21,1,8
BRDA:193,22,0,3
BRDA:193,22,1,5
BRDA:207,23,0,5
BRDA:207,23,1,5
BRF:48
BRH:46
end_of_record
