TN:
SF:dynamo.js
FN:20,createClient
FN:45,getClient
FN:55,resetClient
FN:64,getSecret
FN:90,putSecret
FN:121,deleteSecret
FN:137,decrementViews
FN:192,conditionalDelete
FN:221,updateAccessToken
FN:241,isWithinIdempotencyWindow
FN:260,isExpired
FNF:11
FNH:11
FNDA:15,createClient
FNDA:16,getClient
FNDA:25,resetClient
FNDA:2,getSecret
FNDA:3,putSecret
FNDA:2,deleteSecret
FNDA:5,decrementViews
FNDA:3,conditionalDelete
FNDA:1,updateAccessToken
FNDA:6,isWithinIdempotencyWindow
FNDA:3,isExpired
DA:3,1
DA:10,1
DA:13,1
DA:14,1
DA:21,15
DA:26,15
DA:27,0
DA:30,15
DA:31,15
DA:39,1
DA:46,16
DA:47,15
DA:49,16
DA:56,25
DA:65,2
DA:67,2
DA:72,2
DA:91,3
DA:93,3
DA:105,3
DA:106,1
DA:109,3
DA:122,2
DA:124,2
DA:138,5
DA:139,5
DA:142,5
DA:146,5
DA:153,5
DA:154,4
DA:157,5
DA:158,5
DA:167,4
DA:168,4
DA:171,4
DA:172,1
DA:173,1
DA:176,4
DA:178,1
DA:180,1
DA:182,0
DA:193,3
DA:195,3
DA:196,3
DA:204,1
DA:206,2
DA:208,1
DA:210,1
DA:222,1
DA:224,1
DA:242,6
DA:243,3
DA:246,3
DA:247,3
DA:249,3
DA:261,3
DA:262,3
DA:265,1
LF:58
LH:56
BRDA:13,0,0,1
BRDA:13,0,1,1
BRDA:22,1,0,15
BRDA:22,1,1,15
BRDA:26,2,0,0
BRDA:26,2,1,15
BRDA:46,3,0,15
BRDA:46,3,1,1
BRDA:72,4,0,2
BRDA:72,4,1,1
BRDA:105,5,0,1
BRDA:105,5,1,2
BRDA:142,6,0,4
BRDA:142,6,1,1
BRDA:153,7,0,4
BRDA:153,7,1,1
BRDA:171,8,0,1
BRDA:171,8,1,3
BRDA:178,9,0,1
BRDA:178,9,1,0
BRDA:206,10,0,1
BRDA:206,10,1,1
BRDA:242,11,0,3
BRDA:242,11,1,3
BRDA:242,12,0,6
BRDA:242,12,1,5
BRDA:242,12,2,5
BRDA:250,13,0,3
BRDA:250,13,1,2
BRF:29
BRH:27
end_of_record
TN:
SF:pow.js
FN:21,generateChallenge
FN:33,sha256
FN:42,countLeadingZeroBits
FN:69,verifyPow
FN:101,solvePow
FNF:5
FNH:5
FNDA:5,generateChallenge
FNDA:7159,sha256
FNDA:7163,countLeadingZeroBits
FNDA:7169,verifyPow
FNDA:6,solvePow
DA:3,1
DA:6,1
DA:7,1
DA:22,5
DA:34,7159
DA:43,7163
DA:45,7163
DA:46,7193
DA:48,7193
DA:50,31
DA:54,7162
DA:55,7162
DA:59,7163
DA:71,7169
DA:72,4
DA:74,7165
DA:75,4
DA:77,7161
DA:78,4
DA:82,7157
DA:85,7157
DA:88,7157
DA:90,7157
DA:102,6
DA:103,7151
DA:104,7151
DA:105,5
DA:108,1
DA:111,1
LF:29
LH:29
BRDA:21,0,0,1
BRDA:21,1,0,4
BRDA:48,2,0,31
BRDA:48,2,1,7162
BRDA:71,3,0,4
BRDA:71,3,1,7165
BRDA:71,4,0,7169
BRDA:71,4,1,7167
BRDA:74,5,0,4
BRDA:74,5,1,7161
BRDA:74,6,0,7165
BRDA:74,6,1,7163
BRDA:77,7,0,4
BRDA:77,7,1,7157
BRDA:77,8,0,7161
BRDA:77,8,1,7160
BRDA:77,8,2,7158
BRDA:101,9,0,0
BRDA:104,10,0,5
BRDA:104,10,1,7146
BRF:20
BRH:19
end_of_record
TN:
SF:responses.js
FN:16,buildResponse
FN:40,success
FN:49,created
FN:58,notAvailable
FN:67,noContent
FN:82,badRequest
FN:94,unauthorized
FN:103,forbidden
FN:111,internalError
FNF:9
FNH:9
FNDA:17,buildResponse
FNDA:2,success
FNDA:1,created
FNDA:5,notAvailable
FNDA:2,noContent
FNDA:1,badRequest
FNDA:2,unauthorized
FNDA:2,forbidden
FNDA:2,internalError
DA:4,1
DA:17,17
DA:25,17
DA:26,16
DA:28,1
DA:31,17
DA:41,2
DA:50,1
DA:59,5
DA:68,2
DA:83,1
DA:95,2
DA:104,2
DA:112,2
DA:115,1
LF:15
LH:15
BRDA:16,0,0,16
BRDA:25,1,0,16
BRDA:25,1,1,1
BRDA:40,2,0,1
BRF:4
BRH:4
end_of_record
TN:
SF:token.js
FN:19,generateNonce
FN:27,generateSecretId
FN:35,generateBurnToken
FN:43,generateAccessToken
FN:51,generateJti
FN:60,getJwtSecret
FN:72,generateChallenge
FN:85,generateToken
FN:118,validateToken
FN:157,extractBearerToken
FNF:10
FNH:10
FNDA:5,generateNonce
FNDA:3,generateSecretId
FNDA:3,generateBurnToken
FNDA:3,generateAccessToken
FNDA:3,generateJti
FNDA:11,getJwtSecret
FNDA:3,generateChallenge
FNDA:4,generateToken
FNDA:13,validateToken
FNDA:12,extractBearerToken
DA:3,1
DA:4,1
DA:7,1
DA:8,1
DA:9,1
DA:10,1
DA:11,1
DA:12,1
DA:13,1
DA:20,5
DA:28,3
DA:36,3
DA:44,3
DA:52,3
DA:61,11
DA:62,11
DA:63,1
DA:65,10
DA:73,3
DA:86,4
DA:87,3
DA:89,3
DA:99,3
DA:119,13
DA:120,6
DA:123,7
DA:124,7
DA:125,7
DA:130,4
DA:137,1
DA:141,3
DA:142,1
DA:145,2
DA:148,3
DA:158,12
DA:159,5
DA:162,7
DA:163,7
DA:164,4
DA:168,3
DA:169,3
DA:170,1
DA:173,2
DA:176,1
LF:44
LH:44
BRDA:62,0,0,1
BRDA:62,0,1,10
BRDA:119,1,0,6
BRDA:119,1,1,7
BRDA:119,2,0,13
BRDA:119,2,1,10
BRDA:130,3,0,1
BRDA:130,3,1,3
BRDA:131,4,0,4
BRDA:131,4,1,4
BRDA:131,4,2,3
BRDA:131,4,3,3
BRDA:131,4,4,3
BRDA:141,5,0,1
BRDA:141,5,1,2
BRDA:158,6,0,5
BRDA:158,6,1,7
BRDA:158,7,0,12
BRDA:158,7,1,9
BRDA:163,8,0,4
BRDA:163,8,1,3
BRDA:163,9,0,7
BRDA:163,9,1,4
BRDA:169,10,0,1
BRDA:169,10,1,2
BRF:25
BRH:25
end_of_record
TN:
SF:validation.js
FN:18,isValidBase64
FN:45,getBase64ByteLength
FN:60,isValidHex
FN:72,validateTTL
FN:84,validateMaxViews
FN:96,validateCiphertext
FN:114,validateIV
FN:131,validateSalt
FN:153,validateNonce
FN:171,validateSecretId
FN:190,validateBurnToken
FN:208,validateAccessToken
FN:230,validateCreateSecretRequest
FNF:13
FNH:13
FNDA:38,isValidBase64
FNDA:29,getBase64ByteLength
FNDA:25,isValidHex
FNDA:19,validateTTL
FNDA:17,validateMaxViews
FNDA:20,validateCiphertext
FNDA:17,validateIV
FNDA:17,validateSalt
FNDA:17,validateNonce
FNDA:9,validateSecretId
FNDA:6,validateBurnToken
FNDA:6,validateAccessToken
FNDA:13,validateCreateSecretRequest
DA:4,1
DA:5,1
DA:6,1
DA:7,1
DA:8,1
DA:9,1
DA:10,1
DA:11,1
DA:19,38
DA:20,1
DA:24,37
DA:27,37
DA:28,5
DA:31,32
DA:33,32
DA:34,32
DA:36,0
DA:46,29
DA:47,0
DA:51,29
DA:52,29
DA:61,25
DA:62,1
DA:64,24
DA:73,19
DA:74,4
DA:76,15
DA:85,17
DA:86,3
DA:88,14
DA:97,20
DA:98,5
DA:101,15
DA:102,2
DA:105,13
DA:106,13
DA:115,17
DA:116,4
DA:119,13
DA:120,1
DA:123,12
DA:133,17
DA:134,8
DA:137,9
DA:138,3
DA:141,6
DA:142,2
DA:145,4
DA:154,17
DA:155,4
DA:158,13
DA:159,2
DA:163,11
DA:172,9
DA:173,3
DA:178,6
DA:179,2
DA:182,4
DA:191,6
DA:192,2
DA:195,4
DA:196,1
DA:200,3
DA:210,6
DA:211,3
DA:214,3
DA:215,0
DA:218,3
DA:219,2
DA:222,1
DA:231,13
DA:232,2
DA:235,11
DA:236,1
DA:239,10
DA:240,1
DA:243,9
DA:244,1
DA:247,8
DA:248,1
DA:251,7
DA:252,1
DA:255,6
DA:256,1
DA:259,5
DA:260,1
DA:263,4
DA:264,1
DA:268,3
DA:269,1
DA:272,2
DA:275,1
LF:92
LH:89
BRDA:19,0,0,1
BRDA:19,0,1,37
BRDA:19,1,0,38
BRDA:19,1,1,37
BRDA:27,2,0,5
BRDA:27,2,1,32
BRDA:46,3,0,0
BRDA:46,3,1,29
BRDA:46,4,0,29
BRDA:46,4,1,29
BRDA:51,5,0,29
BRDA:51,5,1,13
BRDA:61,6,0,1
BRDA:61,6,1,24
BRDA:61,7,0,25
BRDA:61,7,1,24
BRDA:73,8,0,4
BRDA:73,8,1,15
BRDA:73,9,0,19
BRDA:73,9,1,16
BRDA:76,10,0,15
BRDA:76,10,1,11
BRDA:85,11,0,3
BRDA:85,11,1,14
BRDA:85,12,0,17
BRDA:85,12,1,15
BRDA:88,13,0,14
BRDA:88,13,1,12
BRDA:97,14,0,5
BRDA:97,14,1,15
BRDA:97,15,0,20
BRDA:97,15,1,16
BRDA:101,16,0,2
BRDA:101,16,1,13
BRDA:106,17,0,13
BRDA:106,17,1,13
BRDA:115,18,0,4
BRDA:115,18,1,13
BRDA:115,19,0,17
BRDA:115,19,1,13
BRDA:119,20,0,1
BRDA:119,20,1,12
BRDA:133,21,0,8
BRDA:133,21,1,9
BRDA:137,22,0,3
BRDA:137,22,1,6
BRDA:141,23,0,2
BRDA:141,23,1,4
BRDA:154,24,0,4
BRDA:154,24,1,13
BRDA:154,25,0,17
BRDA:154,25,1,13
BRDA:158,26,0,2
BRDA:158,26,1,11
BRDA:172,27,0,3
BRDA:172,27,1,6
BRDA:172,28,0,9
BRDA:172,28,1,6
BRDA:178,29,0,2
BRDA:178,29,1,4
BRDA:191,30,0,2
BRDA:191,30,1,4
BRDA:191,31,0,6
BRDA:191,31,1,4
BRDA:195,32,0,1
BRDA:195,32,1,3
BRDA:210,33,0,3
BRDA:210,33,1,3
BRDA:210,34,0,6
BRDA:210,34,1,5
BRDA:210,34,2,4
BRDA:214,35,0,0
BRDA:214,35,1,3
BRDA:218,36,0,2
BRDA:218,36,1,1
BRDA:231,37,0,2
BRDA:231,37,1,11
BRDA:231,38,0,13
BRDA:231,38,1,11
BRDA:235,39,0,1
BRDA:235,39,1,10
BRDA:239,40,0,1
BRDA:239,40,1,9
BRDA:243,41,0,1
BRDA:243,41,1,8
BRDA:247,42,0,1
BRDA:247,42,1,7
BRDA:251,43,0,1
BRDA:251,43,1,6
BRDA:251,44,0,7
BRDA:251,44,1,6
BRDA:251,44,2,6
BRDA:255,45,0,1
BRDA:255,45,1,5
BRDA:259,46,0,1
BRDA:259,46,1,4
BRDA:263,47,0,1
BRDA:263,47,1,3
BRDA:268,48,0,1
BRDA:268,48,1,2
BRDA:268,49,0,3
BRDA:268,49,1,2
BRF:102
BRH:100
end_of_record
